  [1m[35m (24.5ms)[0m  [1m[35mCREATE TABLE "schema_migrations" ("version" varchar NOT NULL PRIMARY KEY)[0m
  [1m[35m (17.3ms)[0m  [1m[35mCREATE TABLE "ar_internal_metadata" ("key" varchar NOT NULL PRIMARY KEY, "value" varchar, "created_at" datetime(6) NOT NULL, "updated_at" datetime(6) NOT NULL)[0m
  [1m[36mActiveRecord::SchemaMigration Pluck (0.2ms)[0m  [1m[34mSELECT "schema_migrations"."version" FROM "schema_migrations" ORDER BY "schema_migrations"."version" ASC[0m
Migrating to CreateRestaurants (20230624223702)
  [1m[36mTRANSACTION (0.1ms)[0m  [1m[36mbegin transaction[0m
  [1m[35m (0.4ms)[0m  [1m[35mCREATE TABLE "restaurants" ("id" integer PRIMARY KEY AUTOINCREMENT NOT NULL, "name" varchar, "address" varchar, "created_at" datetime(6) NOT NULL, "updated_at" datetime(6) NOT NULL)[0m
  [1m[36mActiveRecord::SchemaMigration Create (0.3ms)[0m  [1m[32mINSERT INTO "schema_migrations" ("version") VALUES (?)[0m  [["version", "20230624223702"]]
  [1m[36mTRANSACTION (19.3ms)[0m  [1m[36mcommit transaction[0m
Migrating to CreatePizzas (20230624223800)
  [1m[36mTRANSACTION (0.1ms)[0m  [1m[36mbegin transaction[0m
  [1m[35m (0.5ms)[0m  [1m[35mCREATE TABLE "pizzas" ("id" integer PRIMARY KEY AUTOINCREMENT NOT NULL, "name" varchar, "ingredients" varchar, "created_at" datetime(6) NOT NULL, "updated_at" datetime(6) NOT NULL)[0m
  [1m[36mActiveRecord::SchemaMigration Create (0.2ms)[0m  [1m[32mINSERT INTO "schema_migrations" ("version") VALUES (?)[0m  [["version", "20230624223800"]]
  [1m[36mTRANSACTION (16.0ms)[0m  [1m[36mcommit transaction[0m
Migrating to CreateRestaurantPizzas (20230625094636)
  [1m[36mTRANSACTION (0.1ms)[0m  [1m[36mbegin transaction[0m
  [1m[35m (0.5ms)[0m  [1m[35mCREATE TABLE "restaurant_pizzas" ("id" integer PRIMARY KEY AUTOINCREMENT NOT NULL, "price" integer, "restaurant_id" integer NOT NULL, "pizza_id" integer NOT NULL, "created_at" datetime(6) NOT NULL, "updated_at" datetime(6) NOT NULL, CONSTRAINT "fk_rails_f279821f06"
FOREIGN KEY ("restaurant_id")
  REFERENCES "restaurants" ("id")
, CONSTRAINT "fk_rails_ab3bb148dc"
FOREIGN KEY ("pizza_id")
  REFERENCES "pizzas" ("id")
)[0m
  [1m[35m (0.2ms)[0m  [1m[35mCREATE INDEX "index_restaurant_pizzas_on_restaurant_id" ON "restaurant_pizzas" ("restaurant_id")[0m
  [1m[35m (0.2ms)[0m  [1m[35mCREATE INDEX "index_restaurant_pizzas_on_pizza_id" ON "restaurant_pizzas" ("pizza_id")[0m
  [1m[36mActiveRecord::SchemaMigration Create (0.2ms)[0m  [1m[32mINSERT INTO "schema_migrations" ("version") VALUES (?)[0m  [["version", "20230625094636"]]
  [1m[36mTRANSACTION (16.5ms)[0m  [1m[36mcommit transaction[0m
  [1m[36mActiveRecord::InternalMetadata Load (0.3ms)[0m  [1m[34mSELECT "ar_internal_metadata".* FROM "ar_internal_metadata" WHERE "ar_internal_metadata"."key" = ? LIMIT ?[0m  [["key", "environment"], ["LIMIT", 1]]
  [1m[36mTRANSACTION (0.1ms)[0m  [1m[36mbegin transaction[0m
  [1m[36mActiveRecord::InternalMetadata Create (0.4ms)[0m  [1m[32mINSERT INTO "ar_internal_metadata" ("key", "value", "created_at", "updated_at") VALUES (?, ?, ?, ?)[0m  [["key", "environment"], ["value", "development"], ["created_at", "2023-06-25 09:47:14.524433"], ["updated_at", "2023-06-25 09:47:14.524433"]]
  [1m[36mTRANSACTION (12.8ms)[0m  [1m[36mcommit transaction[0m
  [1m[36mActiveRecord::SchemaMigration Pluck (0.2ms)[0m  [1m[34mSELECT "schema_migrations"."version" FROM "schema_migrations" ORDER BY "schema_migrations"."version" ASC[0m
Started GET "/" for 127.0.0.1 at 2023-06-25 21:09:59 +0300
  [1m[36mActiveRecord::SchemaMigration Pluck (0.2ms)[0m  [1m[34mSELECT "schema_migrations"."version" FROM "schema_migrations" ORDER BY "schema_migrations"."version" ASC[0m
Processing by Rails::WelcomeController#index as HTML
  Rendering /home/brio/.rbenv/versions/3.1.2/lib/ruby/gems/3.1.0/gems/railties-7.0.5/lib/rails/templates/rails/welcome/index.html.erb
  Rendered /home/brio/.rbenv/versions/3.1.2/lib/ruby/gems/3.1.0/gems/railties-7.0.5/lib/rails/templates/rails/welcome/index.html.erb (Duration: 11.4ms | Allocations: 639)
Completed 200 OK in 45ms (Views: 26.3ms | ActiveRecord: 0.0ms | Allocations: 7010)


Started GET "/" for 127.0.0.1 at 2023-06-25 21:10:00 +0300
Processing by Rails::WelcomeController#index as */*
  Rendering /home/brio/.rbenv/versions/3.1.2/lib/ruby/gems/3.1.0/gems/railties-7.0.5/lib/rails/templates/rails/welcome/index.html.erb
  Rendered /home/brio/.rbenv/versions/3.1.2/lib/ruby/gems/3.1.0/gems/railties-7.0.5/lib/rails/templates/rails/welcome/index.html.erb (Duration: 1.7ms | Allocations: 296)
Completed 200 OK in 14ms (Views: 8.7ms | ActiveRecord: 0.0ms | Allocations: 1099)


Started GET "/pizzas" for 127.0.0.1 at 2023-06-25 21:19:20 +0300
  
ActionController::RoutingError (No route matches [GET] "/pizzas"):
  
Started GET "/pizzas" for 127.0.0.1 at 2023-06-25 21:19:20 +0300
  
ActionController::RoutingError (No route matches [GET] "/pizzas"):
  
Started GET "/pizzas/1" for 127.0.0.1 at 2023-06-25 21:19:35 +0300
  
ActionController::RoutingError (No route matches [GET] "/pizzas/1"):
  
Started GET "/pizzas/1" for 127.0.0.1 at 2023-06-25 21:19:36 +0300
  
ActionController::RoutingError (No route matches [GET] "/pizzas/1"):
  
Started GET "/pizzas" for 127.0.0.1 at 2023-06-25 21:19:40 +0300
  
ActionController::RoutingError (No route matches [GET] "/pizzas"):
  
Started GET "/" for 127.0.0.1 at 2023-06-25 21:19:41 +0300
Processing by Rails::WelcomeController#index as */*
  Rendering /home/brio/.rbenv/versions/3.1.2/lib/ruby/gems/3.1.0/gems/railties-7.0.5/lib/rails/templates/rails/welcome/index.html.erb
  Rendered /home/brio/.rbenv/versions/3.1.2/lib/ruby/gems/3.1.0/gems/railties-7.0.5/lib/rails/templates/rails/welcome/index.html.erb (Duration: 0.1ms | Allocations: 19)
Completed 200 OK in 1ms (Views: 0.8ms | Allocations: 251)


  [1m[36mActiveRecord::SchemaMigration Pluck (0.1ms)[0m  [1m[34mSELECT "schema_migrations"."version" FROM "schema_migrations" ORDER BY "schema_migrations"."version" ASC[0m
  [1m[36mActiveRecord::InternalMetadata Load (0.1ms)[0m  [1m[34mSELECT "ar_internal_metadata".* FROM "ar_internal_metadata" WHERE "ar_internal_metadata"."key" = ? LIMIT ?[0m  [["key", "environment"], ["LIMIT", 1]]
  [1m[36mActiveRecord::SchemaMigration Pluck (0.1ms)[0m  [1m[34mSELECT "schema_migrations"."version" FROM "schema_migrations" ORDER BY "schema_migrations"."version" ASC[0m
  [1m[36mActiveRecord::SchemaMigration Pluck (0.1ms)[0m  [1m[34mSELECT "schema_migrations"."version" FROM "schema_migrations" ORDER BY "schema_migrations"."version" ASC[0m
  [1m[36mTRANSACTION (0.0ms)[0m  [1m[36mbegin transaction[0m
  [1m[36mRestaurant Create (0.2ms)[0m  [1m[32mINSERT INTO "restaurants" ("name", "address", "created_at", "updated_at") VALUES (?, ?, ?, ?)[0m  [["name", "Sottocasa NYC"], ["address", "298 Atlantic Ave, Brooklyn, NY 11201"], ["created_at", "2023-06-25 18:47:01.590100"], ["updated_at", "2023-06-25 18:47:01.590100"]]
  [1m[36mTRANSACTION (16.5ms)[0m  [1m[36mcommit transaction[0m
  [1m[36mTRANSACTION (0.0ms)[0m  [1m[36mbegin transaction[0m
  [1m[36mRestaurant Create (0.2ms)[0m  [1m[32mINSERT INTO "restaurants" ("name", "address", "created_at", "updated_at") VALUES (?, ?, ?, ?)[0m  [["name", "PizzArte"], ["address", "69 W 55th St, New York, NY 10019"], ["created_at", "2023-06-25 18:47:01.609414"], ["updated_at", "2023-06-25 18:47:01.609414"]]
  [1m[36mTRANSACTION (13.1ms)[0m  [1m[36mcommit transaction[0m
  [1m[36mTRANSACTION (0.1ms)[0m  [1m[36mbegin transaction[0m
  [1m[36mRestaurant Create (0.6ms)[0m  [1m[32mINSERT INTO "restaurants" ("name", "address", "created_at", "updated_at") VALUES (?, ?, ?, ?)[0m  [["name", "Joe's Pizza"], ["address", "7 Carmine St, New York, NY 10014"], ["created_at", "2023-06-25 18:47:01.626584"], ["updated_at", "2023-06-25 18:47:01.626584"]]
  [1m[36mTRANSACTION (14.0ms)[0m  [1m[36mcommit transaction[0m
  [1m[36mTRANSACTION (0.1ms)[0m  [1m[36mbegin transaction[0m
  [1m[36mPizza Create (0.3ms)[0m  [1m[32mINSERT INTO "pizzas" ("name", "ingredients", "created_at", "updated_at") VALUES (?, ?, ?, ?)[0m  [["name", "Cheese"], ["ingredients", "Dough, Tomato Sauce, Cheese"], ["created_at", "2023-06-25 18:47:01.671290"], ["updated_at", "2023-06-25 18:47:01.671290"]]
  [1m[36mTRANSACTION (13.1ms)[0m  [1m[36mcommit transaction[0m
  [1m[36mTRANSACTION (0.1ms)[0m  [1m[36mbegin transaction[0m
  [1m[36mPizza Create (0.6ms)[0m  [1m[32mINSERT INTO "pizzas" ("name", "ingredients", "created_at", "updated_at") VALUES (?, ?, ?, ?)[0m  [["name", "Pepperoni"], ["ingredients", "Dough, Tomato Sauce, Cheese, Pepperoni"], ["created_at", "2023-06-25 18:47:01.690230"], ["updated_at", "2023-06-25 18:47:01.690230"]]
  [1m[36mTRANSACTION (13.4ms)[0m  [1m[36mcommit transaction[0m
  [1m[36mTRANSACTION (0.1ms)[0m  [1m[36mbegin transaction[0m
  [1m[36mPizza Create (0.6ms)[0m  [1m[32mINSERT INTO "pizzas" ("name", "ingredients", "created_at", "updated_at") VALUES (?, ?, ?, ?)[0m  [["name", "Margherita"], ["ingredients", "Dough, Tomato Sauce, Mozzarella, Basil"], ["created_at", "2023-06-25 18:47:01.711821"], ["updated_at", "2023-06-25 18:47:01.711821"]]
  [1m[36mTRANSACTION (22.0ms)[0m  [1m[36mcommit transaction[0m
  [1m[36mTRANSACTION (0.1ms)[0m  [1m[36mbegin transaction[0m
  [1m[36mRestaurantPizza Create (0.3ms)[0m  [1m[32mINSERT INTO "restaurant_pizzas" ("price", "restaurant_id", "pizza_id", "created_at", "updated_at") VALUES (?, ?, ?, ?, ?)[0m  [["price", 10], ["restaurant_id", 1], ["pizza_id", 1], ["created_at", "2023-06-25 18:47:01.780782"], ["updated_at", "2023-06-25 18:47:01.780782"]]
  [1m[36mTRANSACTION (15.2ms)[0m  [1m[36mcommit transaction[0m
  [1m[36mTRANSACTION (0.0ms)[0m  [1m[36mbegin transaction[0m
  [1m[36mRestaurantPizza Create (0.2ms)[0m  [1m[32mINSERT INTO "restaurant_pizzas" ("price", "restaurant_id", "pizza_id", "created_at", "updated_at") VALUES (?, ?, ?, ?, ?)[0m  [["price", 12], ["restaurant_id", 1], ["pizza_id", 2], ["created_at", "2023-06-25 18:47:01.799311"], ["updated_at", "2023-06-25 18:47:01.799311"]]
  [1m[36mTRANSACTION (13.8ms)[0m  [1m[36mcommit transaction[0m
  [1m[36mTRANSACTION (0.0ms)[0m  [1m[36mbegin transaction[0m
  [1m[36mRestaurantPizza Create (0.2ms)[0m  [1m[32mINSERT INTO "restaurant_pizzas" ("price", "restaurant_id", "pizza_id", "created_at", "updated_at") VALUES (?, ?, ?, ?, ?)[0m  [["price", 11], ["restaurant_id", 2], ["pizza_id", 1], ["created_at", "2023-06-25 18:47:01.815998"], ["updated_at", "2023-06-25 18:47:01.815998"]]
  [1m[36mTRANSACTION (20.1ms)[0m  [1m[36mcommit transaction[0m
  [1m[36mTRANSACTION (0.1ms)[0m  [1m[36mbegin transaction[0m
  [1m[36mRestaurantPizza Create (0.3ms)[0m  [1m[32mINSERT INTO "restaurant_pizzas" ("price", "restaurant_id", "pizza_id", "created_at", "updated_at") VALUES (?, ?, ?, ?, ?)[0m  [["price", 13], ["restaurant_id", 2], ["pizza_id", 3], ["created_at", "2023-06-25 18:47:01.839237"], ["updated_at", "2023-06-25 18:47:01.839237"]]
  [1m[36mTRANSACTION (13.8ms)[0m  [1m[36mcommit transaction[0m
  [1m[36mTRANSACTION (0.1ms)[0m  [1m[36mbegin transaction[0m
  [1m[36mRestaurantPizza Create (0.4ms)[0m  [1m[32mINSERT INTO "restaurant_pizzas" ("price", "restaurant_id", "pizza_id", "created_at", "updated_at") VALUES (?, ?, ?, ?, ?)[0m  [["price", 9], ["restaurant_id", 3], ["pizza_id", 2], ["created_at", "2023-06-25 18:47:01.856961"], ["updated_at", "2023-06-25 18:47:01.856961"]]
  [1m[36mTRANSACTION (13.6ms)[0m  [1m[36mcommit transaction[0m
  [1m[36mTRANSACTION (0.1ms)[0m  [1m[36mbegin transaction[0m
  [1m[36mRestaurantPizza Create (0.8ms)[0m  [1m[32mINSERT INTO "restaurant_pizzas" ("price", "restaurant_id", "pizza_id", "created_at", "updated_at") VALUES (?, ?, ?, ?, ?)[0m  [["price", 11], ["restaurant_id", 3], ["pizza_id", 3], ["created_at", "2023-06-25 18:47:01.877166"], ["updated_at", "2023-06-25 18:47:01.877166"]]
  [1m[36mTRANSACTION (14.4ms)[0m  [1m[36mcommit transaction[0m
  [1m[36mActiveRecord::SchemaMigration Pluck (0.1ms)[0m  [1m[34mSELECT "schema_migrations"."version" FROM "schema_migrations" ORDER BY "schema_migrations"."version" ASC[0m
  [1m[36mTRANSACTION (0.0ms)[0m  [1m[36mbegin transaction[0m
  [1m[36mRestaurant Create (0.2ms)[0m  [1m[32mINSERT INTO "restaurants" ("name", "address", "created_at", "updated_at") VALUES (?, ?, ?, ?)[0m  [["name", "Sottocasa NYC"], ["address", "298 Atlantic Ave, Brooklyn, NY 11201"], ["created_at", "2023-06-25 18:47:15.276599"], ["updated_at", "2023-06-25 18:47:15.276599"]]
  [1m[36mTRANSACTION (18.2ms)[0m  [1m[36mcommit transaction[0m
  [1m[36mTRANSACTION (0.1ms)[0m  [1m[36mbegin transaction[0m
  [1m[36mRestaurant Create (0.2ms)[0m  [1m[32mINSERT INTO "restaurants" ("name", "address", "created_at", "updated_at") VALUES (?, ?, ?, ?)[0m  [["name", "PizzArte"], ["address", "69 W 55th St, New York, NY 10019"], ["created_at", "2023-06-25 18:47:15.298029"], ["updated_at", "2023-06-25 18:47:15.298029"]]
  [1m[36mTRANSACTION (12.7ms)[0m  [1m[36mcommit transaction[0m
  [1m[36mTRANSACTION (0.1ms)[0m  [1m[36mbegin transaction[0m
  [1m[36mRestaurant Create (0.2ms)[0m  [1m[32mINSERT INTO "restaurants" ("name", "address", "created_at", "updated_at") VALUES (?, ?, ?, ?)[0m  [["name", "Joe's Pizza"], ["address", "7 Carmine St, New York, NY 10014"], ["created_at", "2023-06-25 18:47:15.322396"], ["updated_at", "2023-06-25 18:47:15.322396"]]
  [1m[36mTRANSACTION (13.3ms)[0m  [1m[36mcommit transaction[0m
  [1m[36mTRANSACTION (0.0ms)[0m  [1m[36mbegin transaction[0m
  [1m[36mPizza Create (0.2ms)[0m  [1m[32mINSERT INTO "pizzas" ("name", "ingredients", "created_at", "updated_at") VALUES (?, ?, ?, ?)[0m  [["name", "Cheese"], ["ingredients", "Dough, Tomato Sauce, Cheese"], ["created_at", "2023-06-25 18:47:15.345931"], ["updated_at", "2023-06-25 18:47:15.345931"]]
  [1m[36mTRANSACTION (13.7ms)[0m  [1m[36mcommit transaction[0m
  [1m[36mTRANSACTION (0.0ms)[0m  [1m[36mbegin transaction[0m
  [1m[36mPizza Create (0.2ms)[0m  [1m[32mINSERT INTO "pizzas" ("name", "ingredients", "created_at", "updated_at") VALUES (?, ?, ?, ?)[0m  [["name", "Pepperoni"], ["ingredients", "Dough, Tomato Sauce, Cheese, Pepperoni"], ["created_at", "2023-06-25 18:47:15.362805"], ["updated_at", "2023-06-25 18:47:15.362805"]]
  [1m[36mTRANSACTION (13.4ms)[0m  [1m[36mcommit transaction[0m
  [1m[36mTRANSACTION (0.1ms)[0m  [1m[36mbegin transaction[0m
  [1m[36mPizza Create (0.2ms)[0m  [1m[32mINSERT INTO "pizzas" ("name", "ingredients", "created_at", "updated_at") VALUES (?, ?, ?, ?)[0m  [["name", "Margherita"], ["ingredients", "Dough, Tomato Sauce, Mozzarella, Basil"], ["created_at", "2023-06-25 18:47:15.379415"], ["updated_at", "2023-06-25 18:47:15.379415"]]
  [1m[36mTRANSACTION (13.7ms)[0m  [1m[36mcommit transaction[0m
  [1m[36mTRANSACTION (0.1ms)[0m  [1m[36mbegin transaction[0m
  [1m[36mRestaurantPizza Create (0.4ms)[0m  [1m[32mINSERT INTO "restaurant_pizzas" ("price", "restaurant_id", "pizza_id", "created_at", "updated_at") VALUES (?, ?, ?, ?, ?)[0m  [["price", 10], ["restaurant_id", 4], ["pizza_id", 4], ["created_at", "2023-06-25 18:47:15.411802"], ["updated_at", "2023-06-25 18:47:15.411802"]]
  [1m[36mTRANSACTION (13.8ms)[0m  [1m[36mcommit transaction[0m
  [1m[36mTRANSACTION (0.1ms)[0m  [1m[36mbegin transaction[0m
  [1m[36mRestaurantPizza Create (0.8ms)[0m  [1m[32mINSERT INTO "restaurant_pizzas" ("price", "restaurant_id", "pizza_id", "created_at", "updated_at") VALUES (?, ?, ?, ?, ?)[0m  [["price", 12], ["restaurant_id", 4], ["pizza_id", 5], ["created_at", "2023-06-25 18:47:15.431198"], ["updated_at", "2023-06-25 18:47:15.431198"]]
  [1m[36mTRANSACTION (20.2ms)[0m  [1m[36mcommit transaction[0m
  [1m[36mTRANSACTION (0.1ms)[0m  [1m[36mbegin transaction[0m
  [1m[36mRestaurantPizza Create (0.7ms)[0m  [1m[32mINSERT INTO "restaurant_pizzas" ("price", "restaurant_id", "pizza_id", "created_at", "updated_at") VALUES (?, ?, ?, ?, ?)[0m  [["price", 11], ["restaurant_id", 5], ["pizza_id", 4], ["created_at", "2023-06-25 18:47:15.460315"], ["updated_at", "2023-06-25 18:47:15.460315"]]
  [1m[36mTRANSACTION (14.3ms)[0m  [1m[36mcommit transaction[0m
  [1m[36mTRANSACTION (0.1ms)[0m  [1m[36mbegin transaction[0m
  [1m[36mRestaurantPizza Create (0.9ms)[0m  [1m[32mINSERT INTO "restaurant_pizzas" ("price", "restaurant_id", "pizza_id", "created_at", "updated_at") VALUES (?, ?, ?, ?, ?)[0m  [["price", 13], ["restaurant_id", 5], ["pizza_id", 6], ["created_at", "2023-06-25 18:47:15.483317"], ["updated_at", "2023-06-25 18:47:15.483317"]]
  [1m[36mTRANSACTION (13.8ms)[0m  [1m[36mcommit transaction[0m
  [1m[36mTRANSACTION (0.1ms)[0m  [1m[36mbegin transaction[0m
  [1m[36mRestaurantPizza Create (0.7ms)[0m  [1m[32mINSERT INTO "restaurant_pizzas" ("price", "restaurant_id", "pizza_id", "created_at", "updated_at") VALUES (?, ?, ?, ?, ?)[0m  [["price", 9], ["restaurant_id", 6], ["pizza_id", 5], ["created_at", "2023-06-25 18:47:15.505329"], ["updated_at", "2023-06-25 18:47:15.505329"]]
  [1m[36mTRANSACTION (20.7ms)[0m  [1m[36mcommit transaction[0m
  [1m[36mTRANSACTION (0.1ms)[0m  [1m[36mbegin transaction[0m
  [1m[36mRestaurantPizza Create (0.7ms)[0m  [1m[32mINSERT INTO "restaurant_pizzas" ("price", "restaurant_id", "pizza_id", "created_at", "updated_at") VALUES (?, ?, ?, ?, ?)[0m  [["price", 11], ["restaurant_id", 6], ["pizza_id", 6], ["created_at", "2023-06-25 18:47:15.534707"], ["updated_at", "2023-06-25 18:47:15.534707"]]
  [1m[36mTRANSACTION (14.3ms)[0m  [1m[36mcommit transaction[0m
Started GET "/" for 127.0.0.1 at 2023-06-25 21:48:38 +0300
  [1m[36mActiveRecord::SchemaMigration Pluck (0.2ms)[0m  [1m[34mSELECT "schema_migrations"."version" FROM "schema_migrations" ORDER BY "schema_migrations"."version" ASC[0m
Processing by Rails::WelcomeController#index as HTML
  Rendering /home/brio/.rbenv/versions/3.1.2/lib/ruby/gems/3.1.0/gems/railties-7.0.5/lib/rails/templates/rails/welcome/index.html.erb
  Rendered /home/brio/.rbenv/versions/3.1.2/lib/ruby/gems/3.1.0/gems/railties-7.0.5/lib/rails/templates/rails/welcome/index.html.erb (Duration: 2.1ms | Allocations: 528)
Completed 200 OK in 16ms (Views: 5.6ms | ActiveRecord: 0.0ms | Allocations: 4449)


Started GET "/" for 127.0.0.1 at 2023-06-25 21:48:39 +0300
Processing by Rails::WelcomeController#index as */*
  Rendering /home/brio/.rbenv/versions/3.1.2/lib/ruby/gems/3.1.0/gems/railties-7.0.5/lib/rails/templates/rails/welcome/index.html.erb
  Rendered /home/brio/.rbenv/versions/3.1.2/lib/ruby/gems/3.1.0/gems/railties-7.0.5/lib/rails/templates/rails/welcome/index.html.erb (Duration: 1.0ms | Allocations: 296)
Completed 200 OK in 3ms (Views: 2.1ms | ActiveRecord: 0.0ms | Allocations: 1102)


Started GET "/pizzas" for 127.0.0.1 at 2023-06-25 21:48:45 +0300
Processing by PizzasController#index as HTML
  [1m[36mPizza Load (0.3ms)[0m  [1m[34mSELECT "pizzas".* FROM "pizzas"[0m
  ↳ app/controllers/pizzas_controller.rb:4:in `index'
Completed 200 OK in 23ms (Views: 14.8ms | ActiveRecord: 1.2ms | Allocations: 7546)


Started GET "/pizzas" for 127.0.0.1 at 2023-06-25 21:48:45 +0300
Processing by PizzasController#index as */*
  [1m[36mPizza Load (0.2ms)[0m  [1m[34mSELECT "pizzas".* FROM "pizzas"[0m
  ↳ app/controllers/pizzas_controller.rb:4:in `index'
Completed 200 OK in 4ms (Views: 2.9ms | ActiveRecord: 0.2ms | Allocations: 1114)


Started GET "/restaurants" for 127.0.0.1 at 2023-06-25 21:48:57 +0300
Processing by RestaurantsController#index as HTML
  [1m[36mRestaurant Load (0.3ms)[0m  [1m[34mSELECT "restaurants".* FROM "restaurants"[0m
  ↳ app/controllers/restaurants_controller.rb:4:in `index'
Completed 200 OK in 12ms (Views: 7.5ms | ActiveRecord: 0.8ms | Allocations: 4882)


Started GET "/restaurants" for 127.0.0.1 at 2023-06-25 21:48:58 +0300
Processing by RestaurantsController#index as */*
  [1m[36mRestaurant Load (0.2ms)[0m  [1m[34mSELECT "restaurants".* FROM "restaurants"[0m
  ↳ app/controllers/restaurants_controller.rb:4:in `index'
Completed 200 OK in 4ms (Views: 3.4ms | ActiveRecord: 0.2ms | Allocations: 1026)


Started GET "/pizzas" for 127.0.0.1 at 2023-06-25 21:49:11 +0300
Processing by PizzasController#index as HTML
  [1m[36mPizza Load (0.2ms)[0m  [1m[34mSELECT "pizzas".* FROM "pizzas"[0m
  ↳ app/controllers/pizzas_controller.rb:4:in `index'
Completed 200 OK in 3ms (Views: 2.0ms | ActiveRecord: 0.2ms | Allocations: 1030)


Started GET "/pizzas" for 127.0.0.1 at 2023-06-25 21:49:12 +0300
Processing by PizzasController#index as */*
  [1m[36mPizza Load (0.2ms)[0m  [1m[34mSELECT "pizzas".* FROM "pizzas"[0m
  ↳ app/controllers/pizzas_controller.rb:4:in `index'
Completed 200 OK in 4ms (Views: 3.1ms | ActiveRecord: 0.2ms | Allocations: 1021)


Started GET "/restaurants" for 127.0.0.1 at 2023-06-25 21:49:19 +0300
Processing by RestaurantsController#index as */*
  [1m[36mRestaurant Load (0.2ms)[0m  [1m[34mSELECT "restaurants".* FROM "restaurants"[0m
  ↳ app/controllers/restaurants_controller.rb:4:in `index'
Completed 200 OK in 3ms (Views: 2.9ms | ActiveRecord: 0.2ms | Allocations: 1021)


Started GET "/pizzas" for 127.0.0.1 at 2023-06-25 22:00:59 +0300
Processing by PizzasController#index as HTML
  [1m[36mPizza Load (0.1ms)[0m  [1m[34mSELECT "pizzas".* FROM "pizzas"[0m
  ↳ app/controllers/pizzas_controller.rb:4:in `index'
Completed 200 OK in 7ms (Views: 3.7ms | ActiveRecord: 0.4ms | Allocations: 4014)


Started GET "/pizzas" for 127.0.0.1 at 2023-06-25 22:01:00 +0300
Processing by PizzasController#index as */*
  [1m[36mPizza Load (0.2ms)[0m  [1m[34mSELECT "pizzas".* FROM "pizzas"[0m
  ↳ app/controllers/pizzas_controller.rb:4:in `index'
Completed 200 OK in 3ms (Views: 2.7ms | ActiveRecord: 0.2ms | Allocations: 1030)


Started GET "/pizzas" for 127.0.0.1 at 2023-06-25 22:02:02 +0300
  
NameError (undefined local variable or method `byebug' for PizzasController:Class

    byebug
    ^^^^^^):
  
app/controllers/pizzas_controller.rb:6:in `<class:PizzasController>'
app/controllers/pizzas_controller.rb:1:in `<main>'
Started GET "/pizzas" for 127.0.0.1 at 2023-06-25 22:02:03 +0300
  
NameError (undefined local variable or method `byebug' for PizzasController:Class

    byebug
    ^^^^^^):
  
app/controllers/pizzas_controller.rb:6:in `<class:PizzasController>'
app/controllers/pizzas_controller.rb:1:in `<main>'
Started GET "/pizzas" for 127.0.0.1 at 2023-06-25 22:02:15 +0300
Processing by PizzasController#index as HTML
  [1m[36mPizza Load (0.1ms)[0m  [1m[34mSELECT "pizzas".* FROM "pizzas"[0m
  ↳ app/controllers/pizzas_controller.rb:4:in `index'
Completed 200 OK in 10ms (Views: 6.1ms | ActiveRecord: 1.0ms | Allocations: 4468)


Started GET "/pizzas" for 127.0.0.1 at 2023-06-25 22:02:15 +0300
Processing by PizzasController#index as */*
  [1m[36mPizza Load (0.2ms)[0m  [1m[34mSELECT "pizzas".* FROM "pizzas"[0m
  ↳ app/controllers/pizzas_controller.rb:4:in `index'
Completed 200 OK in 5ms (Views: 4.2ms | ActiveRecord: 0.2ms | Allocations: 1030)


  [1m[36mActiveRecord::SchemaMigration Pluck (0.1ms)[0m  [1m[34mSELECT "schema_migrations"."version" FROM "schema_migrations" ORDER BY "schema_migrations"."version" ASC[0m
  [1m[36mTRANSACTION (0.0ms)[0m  [1m[36mbegin transaction[0m
  [1m[36mRestaurant Create (0.2ms)[0m  [1m[32mINSERT INTO "restaurants" ("name", "address", "created_at", "updated_at") VALUES (?, ?, ?, ?)[0m  [["name", "Sottocasa NYC"], ["address", "298 Atlantic Ave, Brooklyn, NY 11201"], ["created_at", "2023-06-25 20:54:28.616036"], ["updated_at", "2023-06-25 20:54:28.616036"]]
  [1m[36mTRANSACTION (13.3ms)[0m  [1m[36mcommit transaction[0m
  [1m[36mTRANSACTION (0.1ms)[0m  [1m[36mbegin transaction[0m
  [1m[36mRestaurant Create (0.4ms)[0m  [1m[32mINSERT INTO "restaurants" ("name", "address", "created_at", "updated_at") VALUES (?, ?, ?, ?)[0m  [["name", "PizzArte"], ["address", "69 W 55th St, New York, NY 10019"], ["created_at", "2023-06-25 20:54:28.654660"], ["updated_at", "2023-06-25 20:54:28.654660"]]
  [1m[36mTRANSACTION (16.8ms)[0m  [1m[36mcommit transaction[0m
  [1m[36mTRANSACTION (0.1ms)[0m  [1m[36mbegin transaction[0m
  [1m[36mRestaurant Create (0.3ms)[0m  [1m[32mINSERT INTO "restaurants" ("name", "address", "created_at", "updated_at") VALUES (?, ?, ?, ?)[0m  [["name", "Joe's Pizza"], ["address", "7 Carmine St, New York, NY 10014"], ["created_at", "2023-06-25 20:54:28.676138"], ["updated_at", "2023-06-25 20:54:28.676138"]]
  [1m[36mTRANSACTION (13.4ms)[0m  [1m[36mcommit transaction[0m
  [1m[36mTRANSACTION (0.0ms)[0m  [1m[36mbegin transaction[0m
  [1m[36mPizza Create (0.2ms)[0m  [1m[32mINSERT INTO "pizzas" ("name", "ingredients", "created_at", "updated_at") VALUES (?, ?, ?, ?)[0m  [["name", "Cheese"], ["ingredients", "Dough, Tomato Sauce, Cheese"], ["created_at", "2023-06-25 20:54:28.701887"], ["updated_at", "2023-06-25 20:54:28.701887"]]
  [1m[36mTRANSACTION (12.2ms)[0m  [1m[36mcommit transaction[0m
  [1m[36mTRANSACTION (0.1ms)[0m  [1m[36mbegin transaction[0m
  [1m[36mPizza Create (0.3ms)[0m  [1m[32mINSERT INTO "pizzas" ("name", "ingredients", "created_at", "updated_at") VALUES (?, ?, ?, ?)[0m  [["name", "Pepperoni"], ["ingredients", "Dough, Tomato Sauce, Cheese, Pepperoni"], ["created_at", "2023-06-25 20:54:28.717923"], ["updated_at", "2023-06-25 20:54:28.717923"]]
  [1m[36mTRANSACTION (13.4ms)[0m  [1m[36mcommit transaction[0m
  [1m[36mTRANSACTION (0.1ms)[0m  [1m[36mbegin transaction[0m
  [1m[36mPizza Create (0.3ms)[0m  [1m[32mINSERT INTO "pizzas" ("name", "ingredients", "created_at", "updated_at") VALUES (?, ?, ?, ?)[0m  [["name", "Margherita"], ["ingredients", "Dough, Tomato Sauce, Mozzarella, Basil"], ["created_at", "2023-06-25 20:54:28.734985"], ["updated_at", "2023-06-25 20:54:28.734985"]]
  [1m[36mTRANSACTION (11.4ms)[0m  [1m[36mcommit transaction[0m
  [1m[36mTRANSACTION (0.1ms)[0m  [1m[36mbegin transaction[0m
  [1m[36mRestaurantPizza Create (0.4ms)[0m  [1m[32mINSERT INTO "restaurant_pizzas" ("price", "restaurant_id", "pizza_id", "created_at", "updated_at") VALUES (?, ?, ?, ?, ?)[0m  [["price", 10], ["restaurant_id", 7], ["pizza_id", 7], ["created_at", "2023-06-25 20:54:28.784077"], ["updated_at", "2023-06-25 20:54:28.784077"]]
  [1m[36mTRANSACTION (11.1ms)[0m  [1m[36mcommit transaction[0m
  [1m[36mTRANSACTION (0.0ms)[0m  [1m[36mbegin transaction[0m
  [1m[36mRestaurantPizza Create (0.2ms)[0m  [1m[32mINSERT INTO "restaurant_pizzas" ("price", "restaurant_id", "pizza_id", "created_at", "updated_at") VALUES (?, ?, ?, ?, ?)[0m  [["price", 12], ["restaurant_id", 7], ["pizza_id", 8], ["created_at", "2023-06-25 20:54:28.799553"], ["updated_at", "2023-06-25 20:54:28.799553"]]
  [1m[36mTRANSACTION (21.4ms)[0m  [1m[36mcommit transaction[0m
  [1m[36mTRANSACTION (0.1ms)[0m  [1m[36mbegin transaction[0m
  [1m[36mRestaurantPizza Create (0.3ms)[0m  [1m[32mINSERT INTO "restaurant_pizzas" ("price", "restaurant_id", "pizza_id", "created_at", "updated_at") VALUES (?, ?, ?, ?, ?)[0m  [["price", 11], ["restaurant_id", 8], ["pizza_id", 7], ["created_at", "2023-06-25 20:54:28.824181"], ["updated_at", "2023-06-25 20:54:28.824181"]]
  [1m[36mTRANSACTION (13.1ms)[0m  [1m[36mcommit transaction[0m
  [1m[36mTRANSACTION (0.1ms)[0m  [1m[36mbegin transaction[0m
  [1m[36mRestaurantPizza Create (0.3ms)[0m  [1m[32mINSERT INTO "restaurant_pizzas" ("price", "restaurant_id", "pizza_id", "created_at", "updated_at") VALUES (?, ?, ?, ?, ?)[0m  [["price", 13], ["restaurant_id", 8], ["pizza_id", 9], ["created_at", "2023-06-25 20:54:28.840939"], ["updated_at", "2023-06-25 20:54:28.840939"]]
  [1m[36mTRANSACTION (16.6ms)[0m  [1m[36mcommit transaction[0m
  [1m[36mTRANSACTION (0.1ms)[0m  [1m[36mbegin transaction[0m
  [1m[36mRestaurantPizza Create (0.4ms)[0m  [1m[32mINSERT INTO "restaurant_pizzas" ("price", "restaurant_id", "pizza_id", "created_at", "updated_at") VALUES (?, ?, ?, ?, ?)[0m  [["price", 9], ["restaurant_id", 9], ["pizza_id", 8], ["created_at", "2023-06-25 20:54:28.861522"], ["updated_at", "2023-06-25 20:54:28.861522"]]
  [1m[36mTRANSACTION (13.7ms)[0m  [1m[36mcommit transaction[0m
  [1m[36mTRANSACTION (0.1ms)[0m  [1m[36mbegin transaction[0m
  [1m[36mRestaurantPizza Create (0.4ms)[0m  [1m[32mINSERT INTO "restaurant_pizzas" ("price", "restaurant_id", "pizza_id", "created_at", "updated_at") VALUES (?, ?, ?, ?, ?)[0m  [["price", 11], ["restaurant_id", 9], ["pizza_id", 9], ["created_at", "2023-06-25 20:54:28.879787"], ["updated_at", "2023-06-25 20:54:28.879787"]]
  [1m[36mTRANSACTION (13.7ms)[0m  [1m[36mcommit transaction[0m
Started GET "/" for 127.0.0.1 at 2023-06-26 10:04:15 +0300
  [1m[36mActiveRecord::SchemaMigration Pluck (0.1ms)[0m  [1m[34mSELECT "schema_migrations"."version" FROM "schema_migrations" ORDER BY "schema_migrations"."version" ASC[0m
Processing by Rails::WelcomeController#index as */*
  Parameters: {"welcome"=>{}}
  Rendering /home/brio/.rbenv/versions/3.1.2/lib/ruby/gems/3.1.0/gems/railties-7.0.5/lib/rails/templates/rails/welcome/index.html.erb
  Rendered /home/brio/.rbenv/versions/3.1.2/lib/ruby/gems/3.1.0/gems/railties-7.0.5/lib/rails/templates/rails/welcome/index.html.erb (Duration: 1.5ms | Allocations: 526)
Completed 200 OK in 19ms (Views: 5.1ms | ActiveRecord: 0.0ms | Allocations: 4566)


Started GET "/pizzas" for 127.0.0.1 at 2023-06-26 10:06:24 +0300
Processing by PizzasController#index as */*
  Parameters: {"pizza"=>{}}
  [1m[36mPizza Load (0.1ms)[0m  [1m[34mSELECT "pizzas".* FROM "pizzas"[0m
  ↳ app/controllers/pizzas_controller.rb:4:in `index'
Completed 200 OK in 8ms (Views: 7.3ms | ActiveRecord: 1.1ms | Allocations: 5046)


Started GET "/pizzas/1" for 127.0.0.1 at 2023-06-26 10:06:44 +0300
  
ActionController::RoutingError (No route matches [GET] "/pizzas/1"):
  
Started GET "/restaurants" for 127.0.0.1 at 2023-06-26 10:06:57 +0300
Processing by RestaurantsController#index as */*
  Parameters: {"restaurant"=>{}}
  [1m[36mRestaurant Load (0.5ms)[0m  [1m[34mSELECT "restaurants".* FROM "restaurants"[0m
  ↳ app/controllers/restaurants_controller.rb:4:in `index'
Completed 200 OK in 14ms (Views: 12.7ms | ActiveRecord: 1.6ms | Allocations: 3548)


Started GET "/restaurants/1" for 127.0.0.1 at 2023-06-26 10:07:01 +0300
Processing by RestaurantsController#show as */*
  Parameters: {"id"=>"1", "restaurant"=>{}}
  [1m[36mRestaurant Load (0.3ms)[0m  [1m[34mSELECT "restaurants".* FROM "restaurants" WHERE "restaurants"."id" = ? LIMIT ?[0m  [["id", 1], ["LIMIT", 1]]
  ↳ app/controllers/restaurants_controller.rb:8:in `show'
  [1m[36mPizza Load (0.2ms)[0m  [1m[34mSELECT "pizzas".* FROM "pizzas" INNER JOIN "restaurant_pizzas" ON "pizzas"."id" = "restaurant_pizzas"."pizza_id" WHERE "restaurant_pizzas"."restaurant_id" = ?[0m  [["restaurant_id", 1]]
  ↳ app/controllers/restaurants_controller.rb:10:in `show'
Completed 200 OK in 72ms (Views: 65.6ms | ActiveRecord: 1.0ms | Allocations: 13876)


Started GET "/restaurants" for 127.0.0.1 at 2023-06-26 10:07:18 +0300
Processing by RestaurantsController#index as */*
  Parameters: {"restaurant"=>{}}
  [1m[36mRestaurant Load (0.2ms)[0m  [1m[34mSELECT "restaurants".* FROM "restaurants"[0m
  ↳ app/controllers/restaurants_controller.rb:4:in `index'
Completed 200 OK in 3ms (Views: 2.2ms | ActiveRecord: 0.2ms | Allocations: 1235)


Started GET "/restaurants_pizza" for 127.0.0.1 at 2023-06-26 10:07:33 +0300
  
ActionController::RoutingError (No route matches [GET] "/restaurants_pizza"):
  
Started GET "/restaurants" for 127.0.0.1 at 2023-06-26 10:07:37 +0300
Processing by RestaurantsController#index as */*
  Parameters: {"restaurant"=>{}}
  [1m[36mRestaurant Load (0.2ms)[0m  [1m[34mSELECT "restaurants".* FROM "restaurants"[0m
  ↳ app/controllers/restaurants_controller.rb:4:in `index'
Completed 200 OK in 3ms (Views: 2.2ms | ActiveRecord: 0.2ms | Allocations: 1194)


Started GET "/restaurants/9" for 127.0.0.1 at 2023-06-26 10:08:25 +0300
Processing by RestaurantsController#show as */*
  Parameters: {"id"=>"9", "restaurant"=>{}}
  [1m[36mRestaurant Load (0.2ms)[0m  [1m[34mSELECT "restaurants".* FROM "restaurants" WHERE "restaurants"."id" = ? LIMIT ?[0m  [["id", 9], ["LIMIT", 1]]
  ↳ app/controllers/restaurants_controller.rb:8:in `show'
  [1m[36mPizza Load (0.1ms)[0m  [1m[34mSELECT "pizzas".* FROM "pizzas" INNER JOIN "restaurant_pizzas" ON "pizzas"."id" = "restaurant_pizzas"."pizza_id" WHERE "restaurant_pizzas"."restaurant_id" = ?[0m  [["restaurant_id", 9]]
  ↳ app/controllers/restaurants_controller.rb:10:in `show'
Completed 200 OK in 6ms (Views: 3.7ms | ActiveRecord: 0.3ms | Allocations: 1790)


Started DELETE "/restaurants/9" for 127.0.0.1 at 2023-06-26 10:08:44 +0300
Processing by RestaurantsController#destroy as */*
  Parameters: {"id"=>"9", "restaurant"=>{}}
Can't verify CSRF token authenticity.
Completed 422 Unprocessable Entity in 1ms (ActiveRecord: 0.0ms | Allocations: 505)


  
ActionController::InvalidAuthenticityToken (Can't verify CSRF token authenticity.):
  
actionpack (7.0.5) lib/action_controller/metal/request_forgery_protection.rb:253:in `handle_unverified_request'
actionpack (7.0.5) lib/action_controller/metal/request_forgery_protection.rb:286:in `handle_unverified_request'
actionpack (7.0.5) lib/action_controller/metal/request_forgery_protection.rb:275:in `verify_authenticity_token'
activesupport (7.0.5) lib/active_support/callbacks.rb:400:in `block in make_lambda'
activesupport (7.0.5) lib/active_support/callbacks.rb:199:in `block (2 levels) in halting'
actionpack (7.0.5) lib/abstract_controller/callbacks.rb:34:in `block (2 levels) in <module:Callbacks>'
activesupport (7.0.5) lib/active_support/callbacks.rb:200:in `block in halting'
activesupport (7.0.5) lib/active_support/callbacks.rb:595:in `block in invoke_before'
activesupport (7.0.5) lib/active_support/callbacks.rb:595:in `each'
activesupport (7.0.5) lib/active_support/callbacks.rb:595:in `invoke_before'
activesupport (7.0.5) lib/active_support/callbacks.rb:116:in `block in run_callbacks'
activesupport (7.0.5) lib/active_support/callbacks.rb:138:in `run_callbacks'
actionpack (7.0.5) lib/abstract_controller/callbacks.rb:233:in `process_action'
actionpack (7.0.5) lib/action_controller/metal/rescue.rb:22:in `process_action'
actionpack (7.0.5) lib/action_controller/metal/instrumentation.rb:67:in `block in process_action'
activesupport (7.0.5) lib/active_support/notifications.rb:206:in `block in instrument'
activesupport (7.0.5) lib/active_support/notifications/instrumenter.rb:24:in `instrument'
activesupport (7.0.5) lib/active_support/notifications.rb:206:in `instrument'
actionpack (7.0.5) lib/action_controller/metal/instrumentation.rb:66:in `process_action'
actionpack (7.0.5) lib/action_controller/metal/params_wrapper.rb:259:in `process_action'
activerecord (7.0.5) lib/active_record/railties/controller_runtime.rb:27:in `process_action'
actionpack (7.0.5) lib/abstract_controller/base.rb:151:in `process'
actionview (7.0.5) lib/action_view/rendering.rb:39:in `process'
actionpack (7.0.5) lib/action_controller/metal.rb:188:in `dispatch'
actionpack (7.0.5) lib/action_controller/metal.rb:251:in `dispatch'
actionpack (7.0.5) lib/action_dispatch/routing/route_set.rb:49:in `dispatch'
actionpack (7.0.5) lib/action_dispatch/routing/route_set.rb:32:in `serve'
actionpack (7.0.5) lib/action_dispatch/journey/router.rb:50:in `block in serve'
actionpack (7.0.5) lib/action_dispatch/journey/router.rb:32:in `each'
actionpack (7.0.5) lib/action_dispatch/journey/router.rb:32:in `serve'
actionpack (7.0.5) lib/action_dispatch/routing/route_set.rb:852:in `call'
rack (2.2.7) lib/rack/tempfile_reaper.rb:15:in `call'
rack (2.2.7) lib/rack/etag.rb:27:in `call'
rack (2.2.7) lib/rack/conditional_get.rb:40:in `call'
rack (2.2.7) lib/rack/head.rb:12:in `call'
actionpack (7.0.5) lib/action_dispatch/http/permissions_policy.rb:38:in `call'
actionpack (7.0.5) lib/action_dispatch/http/content_security_policy.rb:36:in `call'
rack (2.2.7) lib/rack/session/abstract/id.rb:266:in `context'
rack (2.2.7) lib/rack/session/abstract/id.rb:260:in `call'
actionpack (7.0.5) lib/action_dispatch/middleware/cookies.rb:704:in `call'
activerecord (7.0.5) lib/active_record/migration.rb:603:in `call'
actionpack (7.0.5) lib/action_dispatch/middleware/callbacks.rb:27:in `block in call'
activesupport (7.0.5) lib/active_support/callbacks.rb:99:in `run_callbacks'
actionpack (7.0.5) lib/action_dispatch/middleware/callbacks.rb:26:in `call'
actionpack (7.0.5) lib/action_dispatch/middleware/executor.rb:14:in `call'
actionpack (7.0.5) lib/action_dispatch/middleware/actionable_exceptions.rb:17:in `call'
actionpack (7.0.5) lib/action_dispatch/middleware/debug_exceptions.rb:28:in `call'
web-console (4.2.0) lib/web_console/middleware.rb:132:in `call_app'
web-console (4.2.0) lib/web_console/middleware.rb:28:in `block in call'
web-console (4.2.0) lib/web_console/middleware.rb:17:in `catch'
web-console (4.2.0) lib/web_console/middleware.rb:17:in `call'
actionpack (7.0.5) lib/action_dispatch/middleware/show_exceptions.rb:26:in `call'
railties (7.0.5) lib/rails/rack/logger.rb:40:in `call_app'
railties (7.0.5) lib/rails/rack/logger.rb:25:in `block in call'
activesupport (7.0.5) lib/active_support/tagged_logging.rb:99:in `block in tagged'
activesupport (7.0.5) lib/active_support/tagged_logging.rb:37:in `tagged'
activesupport (7.0.5) lib/active_support/tagged_logging.rb:99:in `tagged'
railties (7.0.5) lib/rails/rack/logger.rb:25:in `call'
sprockets-rails (3.4.2) lib/sprockets/rails/quiet_assets.rb:13:in `call'
actionpack (7.0.5) lib/action_dispatch/middleware/remote_ip.rb:93:in `call'
actionpack (7.0.5) lib/action_dispatch/middleware/request_id.rb:26:in `call'
rack (2.2.7) lib/rack/method_override.rb:24:in `call'
rack (2.2.7) lib/rack/runtime.rb:22:in `call'
activesupport (7.0.5) lib/active_support/cache/strategy/local_cache_middleware.rb:29:in `call'
actionpack (7.0.5) lib/action_dispatch/middleware/server_timing.rb:61:in `block in call'
actionpack (7.0.5) lib/action_dispatch/middleware/server_timing.rb:26:in `collect_events'
actionpack (7.0.5) lib/action_dispatch/middleware/server_timing.rb:60:in `call'
actionpack (7.0.5) lib/action_dispatch/middleware/executor.rb:14:in `call'
actionpack (7.0.5) lib/action_dispatch/middleware/static.rb:23:in `call'
rack (2.2.7) lib/rack/sendfile.rb:110:in `call'
actionpack (7.0.5) lib/action_dispatch/middleware/host_authorization.rb:137:in `call'
railties (7.0.5) lib/rails/engine.rb:530:in `call'
puma (5.6.6) lib/puma/configuration.rb:252:in `call'
puma (5.6.6) lib/puma/request.rb:77:in `block in handle_request'
puma (5.6.6) lib/puma/thread_pool.rb:340:in `with_force_shutdown'
puma (5.6.6) lib/puma/request.rb:76:in `handle_request'
puma (5.6.6) lib/puma/server.rb:443:in `process_client'
puma (5.6.6) lib/puma/thread_pool.rb:147:in `block in spawn_thread'
Started GET "/restaurants/9" for 127.0.0.1 at 2023-06-26 10:09:06 +0300
Processing by RestaurantsController#show as */*
  Parameters: {"id"=>"9", "restaurant"=>{}}
  [1m[36mRestaurant Load (0.1ms)[0m  [1m[34mSELECT "restaurants".* FROM "restaurants" WHERE "restaurants"."id" = ? LIMIT ?[0m  [["id", 9], ["LIMIT", 1]]
  ↳ app/controllers/restaurants_controller.rb:8:in `show'
  [1m[36mPizza Load (0.2ms)[0m  [1m[34mSELECT "pizzas".* FROM "pizzas" INNER JOIN "restaurant_pizzas" ON "pizzas"."id" = "restaurant_pizzas"."pizza_id" WHERE "restaurant_pizzas"."restaurant_id" = ?[0m  [["restaurant_id", 9]]
  ↳ app/controllers/restaurants_controller.rb:10:in `show'
Completed 200 OK in 5ms (Views: 3.2ms | ActiveRecord: 0.3ms | Allocations: 1719)


Started GET "/restaurants" for 127.0.0.1 at 2023-06-26 10:09:09 +0300
Processing by RestaurantsController#index as */*
  Parameters: {"restaurant"=>{}}
  [1m[36mRestaurant Load (0.1ms)[0m  [1m[34mSELECT "restaurants".* FROM "restaurants"[0m
  ↳ app/controllers/restaurants_controller.rb:4:in `index'
Completed 200 OK in 2ms (Views: 1.4ms | ActiveRecord: 0.1ms | Allocations: 1183)


Started GET "/" for 127.0.0.1 at 2023-06-26 11:23:37 +0300
  [1m[36mActiveRecord::SchemaMigration Pluck (0.2ms)[0m  [1m[34mSELECT "schema_migrations"."version" FROM "schema_migrations" ORDER BY "schema_migrations"."version" ASC[0m
Processing by Rails::WelcomeController#index as HTML
  Rendering /home/brio/.rbenv/versions/3.1.2/lib/ruby/gems/3.1.0/gems/railties-7.0.5/lib/rails/templates/rails/welcome/index.html.erb
  Rendered /home/brio/.rbenv/versions/3.1.2/lib/ruby/gems/3.1.0/gems/railties-7.0.5/lib/rails/templates/rails/welcome/index.html.erb (Duration: 1.8ms | Allocations: 528)
Completed 200 OK in 17ms (Views: 4.9ms | ActiveRecord: 0.0ms | Allocations: 4448)


Started GET "/" for 127.0.0.1 at 2023-06-26 11:23:38 +0300
Processing by Rails::WelcomeController#index as */*
  Rendering /home/brio/.rbenv/versions/3.1.2/lib/ruby/gems/3.1.0/gems/railties-7.0.5/lib/rails/templates/rails/welcome/index.html.erb
  Rendered /home/brio/.rbenv/versions/3.1.2/lib/ruby/gems/3.1.0/gems/railties-7.0.5/lib/rails/templates/rails/welcome/index.html.erb (Duration: 2.6ms | Allocations: 296)
Completed 200 OK in 7ms (Views: 5.6ms | ActiveRecord: 0.0ms | Allocations: 1102)


Started GET "/pizzas" for 127.0.0.1 at 2023-06-26 11:23:43 +0300
Processing by PizzasController#index as HTML
  [1m[36mPizza Load (0.4ms)[0m  [1m[34mSELECT "pizzas".* FROM "pizzas"[0m
  ↳ app/controllers/pizzas_controller.rb:4:in `index'
[active_model_serializers] Rendered ActiveModel::Serializer::CollectionSerializer with ActiveModelSerializers::Adapter::Attributes (2.56ms)
Completed 200 OK in 47ms (Views: 33.7ms | ActiveRecord: 1.4ms | Allocations: 11463)


Started GET "/pizzas" for 127.0.0.1 at 2023-06-26 11:23:43 +0300
Processing by PizzasController#index as */*
  [1m[36mPizza Load (0.2ms)[0m  [1m[34mSELECT "pizzas".* FROM "pizzas"[0m
  ↳ app/controllers/pizzas_controller.rb:4:in `index'
[active_model_serializers] Rendered ActiveModel::Serializer::CollectionSerializer with ActiveModelSerializers::Adapter::Attributes (2.53ms)
Completed 200 OK in 8ms (Views: 7.1ms | ActiveRecord: 0.2ms | Allocations: 2112)


Started GET "/pizzas/1" for 127.0.0.1 at 2023-06-26 11:23:53 +0300
  
ActionController::RoutingError (No route matches [GET] "/pizzas/1"):
  
Started GET "/pizzas/1" for 127.0.0.1 at 2023-06-26 11:23:53 +0300
  
ActionController::RoutingError (No route matches [GET] "/pizzas/1"):
  
Started GET "/pizzas" for 127.0.0.1 at 2023-06-26 11:23:58 +0300
Processing by PizzasController#index as HTML
  [1m[36mPizza Load (0.2ms)[0m  [1m[34mSELECT "pizzas".* FROM "pizzas"[0m
  ↳ app/controllers/pizzas_controller.rb:4:in `index'
[active_model_serializers] Rendered ActiveModel::Serializer::CollectionSerializer with ActiveModelSerializers::Adapter::Attributes (1.23ms)
Completed 200 OK in 6ms (Views: 5.3ms | ActiveRecord: 0.2ms | Allocations: 2159)


Started GET "/pizzas" for 127.0.0.1 at 2023-06-26 11:23:59 +0300
Processing by PizzasController#index as */*
  [1m[36mPizza Load (0.2ms)[0m  [1m[34mSELECT "pizzas".* FROM "pizzas"[0m
  ↳ app/controllers/pizzas_controller.rb:4:in `index'
[active_model_serializers] Rendered ActiveModel::Serializer::CollectionSerializer with ActiveModelSerializers::Adapter::Attributes (2.12ms)
Completed 200 OK in 7ms (Views: 6.0ms | ActiveRecord: 0.2ms | Allocations: 1985)


Started GET "/restaurants" for 127.0.0.1 at 2023-06-26 11:24:02 +0300
Processing by RestaurantsController#index as HTML
  [1m[36mRestaurant Load (0.9ms)[0m  [1m[34mSELECT "restaurants".* FROM "restaurants"[0m
  ↳ app/controllers/restaurants_controller.rb:4:in `index'
[active_model_serializers]   [1m[36mPizza Load (0.3ms)[0m  [1m[34mSELECT "pizzas".* FROM "pizzas" INNER JOIN "restaurant_pizzas" ON "pizzas"."id" = "restaurant_pizzas"."pizza_id" WHERE "restaurant_pizzas"."restaurant_id" = ?[0m  [["restaurant_id", 1]]
[active_model_serializers]   ↳ app/controllers/restaurants_controller.rb:4:in `index'
[active_model_serializers]   [1m[36mPizza Load (0.2ms)[0m  [1m[34mSELECT "pizzas".* FROM "pizzas" INNER JOIN "restaurant_pizzas" ON "pizzas"."id" = "restaurant_pizzas"."pizza_id" WHERE "restaurant_pizzas"."restaurant_id" = ?[0m  [["restaurant_id", 2]]
[active_model_serializers]   ↳ app/controllers/restaurants_controller.rb:4:in `index'
[active_model_serializers]   [1m[36mPizza Load (0.2ms)[0m  [1m[34mSELECT "pizzas".* FROM "pizzas" INNER JOIN "restaurant_pizzas" ON "pizzas"."id" = "restaurant_pizzas"."pizza_id" WHERE "restaurant_pizzas"."restaurant_id" = ?[0m  [["restaurant_id", 3]]
[active_model_serializers]   ↳ app/controllers/restaurants_controller.rb:4:in `index'
[active_model_serializers]   [1m[36mPizza Load (0.2ms)[0m  [1m[34mSELECT "pizzas".* FROM "pizzas" INNER JOIN "restaurant_pizzas" ON "pizzas"."id" = "restaurant_pizzas"."pizza_id" WHERE "restaurant_pizzas"."restaurant_id" = ?[0m  [["restaurant_id", 4]]
[active_model_serializers]   ↳ app/controllers/restaurants_controller.rb:4:in `index'
[active_model_serializers]   [1m[36mPizza Load (0.2ms)[0m  [1m[34mSELECT "pizzas".* FROM "pizzas" INNER JOIN "restaurant_pizzas" ON "pizzas"."id" = "restaurant_pizzas"."pizza_id" WHERE "restaurant_pizzas"."restaurant_id" = ?[0m  [["restaurant_id", 5]]
[active_model_serializers]   ↳ app/controllers/restaurants_controller.rb:4:in `index'
[active_model_serializers]   [1m[36mPizza Load (0.2ms)[0m  [1m[34mSELECT "pizzas".* FROM "pizzas" INNER JOIN "restaurant_pizzas" ON "pizzas"."id" = "restaurant_pizzas"."pizza_id" WHERE "restaurant_pizzas"."restaurant_id" = ?[0m  [["restaurant_id", 6]]
[active_model_serializers]   ↳ app/controllers/restaurants_controller.rb:4:in `index'
[active_model_serializers]   [1m[36mPizza Load (0.2ms)[0m  [1m[34mSELECT "pizzas".* FROM "pizzas" INNER JOIN "restaurant_pizzas" ON "pizzas"."id" = "restaurant_pizzas"."pizza_id" WHERE "restaurant_pizzas"."restaurant_id" = ?[0m  [["restaurant_id", 7]]
[active_model_serializers]   ↳ app/controllers/restaurants_controller.rb:4:in `index'
[active_model_serializers]   [1m[36mPizza Load (0.3ms)[0m  [1m[34mSELECT "pizzas".* FROM "pizzas" INNER JOIN "restaurant_pizzas" ON "pizzas"."id" = "restaurant_pizzas"."pizza_id" WHERE "restaurant_pizzas"."restaurant_id" = ?[0m  [["restaurant_id", 8]]
[active_model_serializers]   ↳ app/controllers/restaurants_controller.rb:4:in `index'
[active_model_serializers]   [1m[36mPizza Load (0.3ms)[0m  [1m[34mSELECT "pizzas".* FROM "pizzas" INNER JOIN "restaurant_pizzas" ON "pizzas"."id" = "restaurant_pizzas"."pizza_id" WHERE "restaurant_pizzas"."restaurant_id" = ?[0m  [["restaurant_id", 9]]
[active_model_serializers]   ↳ app/controllers/restaurants_controller.rb:4:in `index'
[active_model_serializers] Rendered ActiveModel::Serializer::CollectionSerializer with ActiveModelSerializers::Adapter::Attributes (73.84ms)
Completed 200 OK in 107ms (Views: 97.5ms | ActiveRecord: 4.1ms | Allocations: 31492)


Started GET "/restaurants" for 127.0.0.1 at 2023-06-26 11:24:03 +0300
Processing by RestaurantsController#index as */*
  [1m[36mRestaurant Load (0.2ms)[0m  [1m[34mSELECT "restaurants".* FROM "restaurants"[0m
  ↳ app/controllers/restaurants_controller.rb:4:in `index'
[active_model_serializers]   [1m[36mPizza Load (0.2ms)[0m  [1m[34mSELECT "pizzas".* FROM "pizzas" INNER JOIN "restaurant_pizzas" ON "pizzas"."id" = "restaurant_pizzas"."pizza_id" WHERE "restaurant_pizzas"."restaurant_id" = ?[0m  [["restaurant_id", 1]]
[active_model_serializers]   ↳ app/controllers/restaurants_controller.rb:4:in `index'
[active_model_serializers]   [1m[36mPizza Load (0.2ms)[0m  [1m[34mSELECT "pizzas".* FROM "pizzas" INNER JOIN "restaurant_pizzas" ON "pizzas"."id" = "restaurant_pizzas"."pizza_id" WHERE "restaurant_pizzas"."restaurant_id" = ?[0m  [["restaurant_id", 2]]
[active_model_serializers]   ↳ app/controllers/restaurants_controller.rb:4:in `index'
[active_model_serializers]   [1m[36mPizza Load (0.2ms)[0m  [1m[34mSELECT "pizzas".* FROM "pizzas" INNER JOIN "restaurant_pizzas" ON "pizzas"."id" = "restaurant_pizzas"."pizza_id" WHERE "restaurant_pizzas"."restaurant_id" = ?[0m  [["restaurant_id", 3]]
[active_model_serializers]   ↳ app/controllers/restaurants_controller.rb:4:in `index'
[active_model_serializers]   [1m[36mPizza Load (0.2ms)[0m  [1m[34mSELECT "pizzas".* FROM "pizzas" INNER JOIN "restaurant_pizzas" ON "pizzas"."id" = "restaurant_pizzas"."pizza_id" WHERE "restaurant_pizzas"."restaurant_id" = ?[0m  [["restaurant_id", 4]]
[active_model_serializers]   ↳ app/controllers/restaurants_controller.rb:4:in `index'
[active_model_serializers]   [1m[36mPizza Load (0.2ms)[0m  [1m[34mSELECT "pizzas".* FROM "pizzas" INNER JOIN "restaurant_pizzas" ON "pizzas"."id" = "restaurant_pizzas"."pizza_id" WHERE "restaurant_pizzas"."restaurant_id" = ?[0m  [["restaurant_id", 5]]
[active_model_serializers]   ↳ app/controllers/restaurants_controller.rb:4:in `index'
[active_model_serializers]   [1m[36mPizza Load (0.2ms)[0m  [1m[34mSELECT "pizzas".* FROM "pizzas" INNER JOIN "restaurant_pizzas" ON "pizzas"."id" = "restaurant_pizzas"."pizza_id" WHERE "restaurant_pizzas"."restaurant_id" = ?[0m  [["restaurant_id", 6]]
[active_model_serializers]   ↳ app/controllers/restaurants_controller.rb:4:in `index'
[active_model_serializers]   [1m[36mPizza Load (0.2ms)[0m  [1m[34mSELECT "pizzas".* FROM "pizzas" INNER JOIN "restaurant_pizzas" ON "pizzas"."id" = "restaurant_pizzas"."pizza_id" WHERE "restaurant_pizzas"."restaurant_id" = ?[0m  [["restaurant_id", 7]]
[active_model_serializers]   ↳ app/controllers/restaurants_controller.rb:4:in `index'
[active_model_serializers]   [1m[36mPizza Load (0.2ms)[0m  [1m[34mSELECT "pizzas".* FROM "pizzas" INNER JOIN "restaurant_pizzas" ON "pizzas"."id" = "restaurant_pizzas"."pizza_id" WHERE "restaurant_pizzas"."restaurant_id" = ?[0m  [["restaurant_id", 8]]
[active_model_serializers]   ↳ app/controllers/restaurants_controller.rb:4:in `index'
[active_model_serializers]   [1m[36mPizza Load (0.2ms)[0m  [1m[34mSELECT "pizzas".* FROM "pizzas" INNER JOIN "restaurant_pizzas" ON "pizzas"."id" = "restaurant_pizzas"."pizza_id" WHERE "restaurant_pizzas"."restaurant_id" = ?[0m  [["restaurant_id", 9]]
[active_model_serializers]   ↳ app/controllers/restaurants_controller.rb:4:in `index'
[active_model_serializers] Rendered ActiveModel::Serializer::CollectionSerializer with ActiveModelSerializers::Adapter::Attributes (48.99ms)
Completed 200 OK in 54ms (Views: 51.5ms | ActiveRecord: 1.7ms | Allocations: 15993)


Started GET "/restaurants/2" for 127.0.0.1 at 2023-06-26 11:24:24 +0300
Processing by RestaurantsController#show as HTML
  Parameters: {"id"=>"2"}
  [1m[36mRestaurant Load (0.2ms)[0m  [1m[34mSELECT "restaurants".* FROM "restaurants" WHERE "restaurants"."id" = ? LIMIT ?[0m  [["id", 2], ["LIMIT", 1]]
  ↳ app/controllers/restaurants_controller.rb:8:in `show'
[active_model_serializers]   [1m[36mPizza Load (0.1ms)[0m  [1m[34mSELECT "pizzas".* FROM "pizzas" INNER JOIN "restaurant_pizzas" ON "pizzas"."id" = "restaurant_pizzas"."pizza_id" WHERE "restaurant_pizzas"."restaurant_id" = ?[0m  [["restaurant_id", 2]]
[active_model_serializers]   ↳ app/controllers/restaurants_controller.rb:9:in `show'
[active_model_serializers] Rendered RestaurantSerializer with ActiveModelSerializers::Adapter::Attributes (4.46ms)
Completed 200 OK in 9ms (Views: 5.3ms | ActiveRecord: 0.4ms | Allocations: 3187)


Started GET "/restaurants/2" for 127.0.0.1 at 2023-06-26 11:24:25 +0300
Processing by RestaurantsController#show as */*
  Parameters: {"id"=>"2"}
  [1m[36mRestaurant Load (0.2ms)[0m  [1m[34mSELECT "restaurants".* FROM "restaurants" WHERE "restaurants"."id" = ? LIMIT ?[0m  [["id", 2], ["LIMIT", 1]]
  ↳ app/controllers/restaurants_controller.rb:8:in `show'
[active_model_serializers]   [1m[36mPizza Load (0.2ms)[0m  [1m[34mSELECT "pizzas".* FROM "pizzas" INNER JOIN "restaurant_pizzas" ON "pizzas"."id" = "restaurant_pizzas"."pizza_id" WHERE "restaurant_pizzas"."restaurant_id" = ?[0m  [["restaurant_id", 2]]
[active_model_serializers]   ↳ app/controllers/restaurants_controller.rb:9:in `show'
[active_model_serializers] Rendered RestaurantSerializer with ActiveModelSerializers::Adapter::Attributes (6.58ms)
Completed 200 OK in 10ms (Views: 7.6ms | ActiveRecord: 0.3ms | Allocations: 2193)


Started GET "/pizzas" for 127.0.0.1 at 2023-06-26 11:39:21 +0300
Processing by PizzasController#index as */*
  Parameters: {"pizza"=>{}}
  [1m[36mPizza Load (0.2ms)[0m  [1m[34mSELECT "pizzas".* FROM "pizzas"[0m
  ↳ app/controllers/pizzas_controller.rb:4:in `index'
[active_model_serializers] Rendered ActiveModel::Serializer::CollectionSerializer with ActiveModelSerializers::Adapter::Attributes (1.59ms)
Completed 200 OK in 6ms (Views: 5.8ms | ActiveRecord: 0.6ms | Allocations: 2167)


Started GET "/pizzas" for 127.0.0.1 at 2023-06-26 12:14:55 +0300
Processing by PizzasController#index as */*
  Parameters: {"pizza"=>{}}
  [1m[36mPizza Load (0.6ms)[0m  [1m[34mSELECT "pizzas".* FROM "pizzas"[0m
  ↳ app/controllers/pizzas_controller.rb:4:in `index'
[active_model_serializers] Rendered ActiveModel::Serializer::CollectionSerializer with ActiveModelSerializers::Adapter::Attributes (2.47ms)
Completed 200 OK in 11ms (Views: 9.7ms | ActiveRecord: 0.9ms | Allocations: 3795)


Started GET "/pizzas/1" for 127.0.0.1 at 2023-06-26 12:15:04 +0300
  
ActionController::RoutingError (No route matches [GET] "/pizzas/1"):
  
Started GET "/pizzas/1" for 127.0.0.1 at 2023-06-26 12:15:40 +0300
  
ActionController::RoutingError (No route matches [GET] "/pizzas/1"):
  
Started GET "/pizzas" for 127.0.0.1 at 2023-06-26 12:16:04 +0300
Processing by PizzasController#index as */*
  Parameters: {"pizza"=>{}}
  [1m[36mPizza Load (0.3ms)[0m  [1m[34mSELECT "pizzas".* FROM "pizzas"[0m
  ↳ app/controllers/pizzas_controller.rb:4:in `index'
[active_model_serializers] Rendered ActiveModel::Serializer::CollectionSerializer with ActiveModelSerializers::Adapter::Attributes (1.19ms)
Completed 200 OK in 11ms (Views: 9.7ms | ActiveRecord: 1.5ms | Allocations: 3954)


Started GET "/restaurants" for 127.0.0.1 at 2023-06-26 12:16:10 +0300
Processing by RestaurantsController#index as */*
  Parameters: {"restaurant"=>{}}
  [1m[36mRestaurant Load (0.2ms)[0m  [1m[34mSELECT "restaurants".* FROM "restaurants"[0m
  ↳ app/controllers/restaurants_controller.rb:4:in `index'
[active_model_serializers]   [1m[36mPizza Load (0.3ms)[0m  [1m[34mSELECT "pizzas".* FROM "pizzas" INNER JOIN "restaurant_pizzas" ON "pizzas"."id" = "restaurant_pizzas"."pizza_id" WHERE "restaurant_pizzas"."restaurant_id" = ?[0m  [["restaurant_id", 1]]
[active_model_serializers]   ↳ app/controllers/restaurants_controller.rb:4:in `index'
[active_model_serializers]   [1m[36mPizza Load (0.2ms)[0m  [1m[34mSELECT "pizzas".* FROM "pizzas" INNER JOIN "restaurant_pizzas" ON "pizzas"."id" = "restaurant_pizzas"."pizza_id" WHERE "restaurant_pizzas"."restaurant_id" = ?[0m  [["restaurant_id", 2]]
[active_model_serializers]   ↳ app/controllers/restaurants_controller.rb:4:in `index'
[active_model_serializers]   [1m[36mPizza Load (0.2ms)[0m  [1m[34mSELECT "pizzas".* FROM "pizzas" INNER JOIN "restaurant_pizzas" ON "pizzas"."id" = "restaurant_pizzas"."pizza_id" WHERE "restaurant_pizzas"."restaurant_id" = ?[0m  [["restaurant_id", 3]]
[active_model_serializers]   ↳ app/controllers/restaurants_controller.rb:4:in `index'
[active_model_serializers]   [1m[36mPizza Load (0.2ms)[0m  [1m[34mSELECT "pizzas".* FROM "pizzas" INNER JOIN "restaurant_pizzas" ON "pizzas"."id" = "restaurant_pizzas"."pizza_id" WHERE "restaurant_pizzas"."restaurant_id" = ?[0m  [["restaurant_id", 4]]
[active_model_serializers]   ↳ app/controllers/restaurants_controller.rb:4:in `index'
[active_model_serializers]   [1m[36mPizza Load (0.1ms)[0m  [1m[34mSELECT "pizzas".* FROM "pizzas" INNER JOIN "restaurant_pizzas" ON "pizzas"."id" = "restaurant_pizzas"."pizza_id" WHERE "restaurant_pizzas"."restaurant_id" = ?[0m  [["restaurant_id", 5]]
[active_model_serializers]   ↳ app/controllers/restaurants_controller.rb:4:in `index'
[active_model_serializers]   [1m[36mPizza Load (0.2ms)[0m  [1m[34mSELECT "pizzas".* FROM "pizzas" INNER JOIN "restaurant_pizzas" ON "pizzas"."id" = "restaurant_pizzas"."pizza_id" WHERE "restaurant_pizzas"."restaurant_id" = ?[0m  [["restaurant_id", 6]]
[active_model_serializers]   ↳ app/controllers/restaurants_controller.rb:4:in `index'
[active_model_serializers]   [1m[36mPizza Load (0.2ms)[0m  [1m[34mSELECT "pizzas".* FROM "pizzas" INNER JOIN "restaurant_pizzas" ON "pizzas"."id" = "restaurant_pizzas"."pizza_id" WHERE "restaurant_pizzas"."restaurant_id" = ?[0m  [["restaurant_id", 7]]
[active_model_serializers]   ↳ app/controllers/restaurants_controller.rb:4:in `index'
[active_model_serializers]   [1m[36mPizza Load (0.2ms)[0m  [1m[34mSELECT "pizzas".* FROM "pizzas" INNER JOIN "restaurant_pizzas" ON "pizzas"."id" = "restaurant_pizzas"."pizza_id" WHERE "restaurant_pizzas"."restaurant_id" = ?[0m  [["restaurant_id", 8]]
[active_model_serializers]   ↳ app/controllers/restaurants_controller.rb:4:in `index'
[active_model_serializers]   [1m[36mPizza Load (0.1ms)[0m  [1m[34mSELECT "pizzas".* FROM "pizzas" INNER JOIN "restaurant_pizzas" ON "pizzas"."id" = "restaurant_pizzas"."pizza_id" WHERE "restaurant_pizzas"."restaurant_id" = ?[0m  [["restaurant_id", 9]]
[active_model_serializers]   ↳ app/controllers/restaurants_controller.rb:4:in `index'
[active_model_serializers] Rendered ActiveModel::Serializer::CollectionSerializer with ActiveModelSerializers::Adapter::Attributes (60.31ms)
Completed 200 OK in 71ms (Views: 67.8ms | ActiveRecord: 3.2ms | Allocations: 23596)


Started GET "/pizzas" for 127.0.0.1 at 2023-06-26 12:16:36 +0300
Processing by PizzasController#index as */*
  Parameters: {"pizza"=>{}}
  [1m[36mPizza Load (0.1ms)[0m  [1m[34mSELECT "pizzas".* FROM "pizzas"[0m
  ↳ app/controllers/pizzas_controller.rb:4:in `index'
[active_model_serializers] Rendered ActiveModel::Serializer::CollectionSerializer with ActiveModelSerializers::Adapter::Attributes (2.45ms)
Completed 200 OK in 6ms (Views: 5.3ms | ActiveRecord: 0.1ms | Allocations: 2033)


Started GET "/pizzas/1" for 127.0.0.1 at 2023-06-26 12:21:12 +0300
  
ActionController::RoutingError (No route matches [GET] "/pizzas/1"):
  
Started GET "/" for 127.0.0.1 at 2023-06-26 12:21:25 +0300
Processing by Rails::WelcomeController#index as HTML
  Rendering /home/brio/.rbenv/versions/3.1.2/lib/ruby/gems/3.1.0/gems/railties-7.0.5/lib/rails/templates/rails/welcome/index.html.erb
  Rendered /home/brio/.rbenv/versions/3.1.2/lib/ruby/gems/3.1.0/gems/railties-7.0.5/lib/rails/templates/rails/welcome/index.html.erb (Duration: 0.1ms | Allocations: 19)
Completed 200 OK in 1ms (Views: 1.0ms | Allocations: 244)


Started GET "/pizzas" for 127.0.0.1 at 2023-06-26 12:21:31 +0300
Processing by PizzasController#index as HTML
  [1m[36mPizza Load (0.2ms)[0m  [1m[34mSELECT "pizzas".* FROM "pizzas"[0m
  ↳ app/controllers/pizzas_controller.rb:4:in `index'
[active_model_serializers] Rendered ActiveModel::Serializer::CollectionSerializer with ActiveModelSerializers::Adapter::Attributes (2.44ms)
Completed 200 OK in 23ms (Views: 15.1ms | ActiveRecord: 1.5ms | Allocations: 5996)


Started GET "/pizzas/1" for 127.0.0.1 at 2023-06-26 12:21:34 +0300
  
ActionController::RoutingError (No route matches [GET] "/pizzas/1"):
  
Started GET "/restaurants/1" for 127.0.0.1 at 2023-06-26 12:24:43 +0300
Processing by RestaurantsController#show as */*
  Parameters: {"id"=>"1", "restaurant"=>{}}
  [1m[36mRestaurant Load (0.3ms)[0m  [1m[34mSELECT "restaurants".* FROM "restaurants" WHERE "restaurants"."id" = ? LIMIT ?[0m  [["id", 1], ["LIMIT", 1]]
  ↳ app/controllers/restaurants_controller.rb:8:in `show'
[active_model_serializers]   [1m[36mPizza Load (0.3ms)[0m  [1m[34mSELECT "pizzas".* FROM "pizzas" INNER JOIN "restaurant_pizzas" ON "pizzas"."id" = "restaurant_pizzas"."pizza_id" WHERE "restaurant_pizzas"."restaurant_id" = ?[0m  [["restaurant_id", 1]]
[active_model_serializers]   ↳ app/controllers/restaurants_controller.rb:10:in `show'
[active_model_serializers] Rendered RestaurantSerializer with ActiveModelSerializers::Adapter::Attributes (18.24ms)
Completed 200 OK in 29ms (Views: 19.9ms | ActiveRecord: 2.1ms | Allocations: 10285)


Started GET "/pizzas" for 127.0.0.1 at 2023-06-26 12:28:09 +0300
Processing by PizzasController#index as */*
  Parameters: {"pizza"=>{}}
  [1m[36mPizza Load (0.2ms)[0m  [1m[34mSELECT "pizzas".* FROM "pizzas"[0m
  ↳ app/controllers/pizzas_controller.rb:4:in `index'
[active_model_serializers] Rendered ActiveModel::Serializer::CollectionSerializer with ActiveModelSerializers::Adapter::Attributes (2.07ms)
Completed 200 OK in 8ms (Views: 7.4ms | ActiveRecord: 1.0ms | Allocations: 3954)


Started GET "/pizzas/1" for 127.0.0.1 at 2023-06-26 12:28:13 +0300
Processing by PizzasController#show as */*
  Parameters: {"id"=>"1", "pizza"=>{}}
  [1m[36mPizza Load (0.2ms)[0m  [1m[34mSELECT "pizzas".* FROM "pizzas" WHERE "pizzas"."id" = ? LIMIT ?[0m  [["id", 1], ["LIMIT", 1]]
  ↳ app/controllers/pizzas_controller.rb:8:in `show'
[active_model_serializers] Rendered PizzaSerializer with ActiveModelSerializers::Adapter::Attributes (0.37ms)
Completed 200 OK in 3ms (Views: 1.0ms | ActiveRecord: 0.2ms | Allocations: 1497)


Started GET "/pizzas/2" for 127.0.0.1 at 2023-06-26 12:28:19 +0300
Processing by PizzasController#show as */*
  Parameters: {"id"=>"2", "pizza"=>{}}
  [1m[36mPizza Load (0.2ms)[0m  [1m[34mSELECT "pizzas".* FROM "pizzas" WHERE "pizzas"."id" = ? LIMIT ?[0m  [["id", 2], ["LIMIT", 1]]
  ↳ app/controllers/pizzas_controller.rb:8:in `show'
[active_model_serializers] Rendered PizzaSerializer with ActiveModelSerializers::Adapter::Attributes (0.29ms)
Completed 200 OK in 3ms (Views: 0.9ms | ActiveRecord: 0.2ms | Allocations: 737)


Started GET "/pizzas/3" for 127.0.0.1 at 2023-06-26 12:28:22 +0300
Processing by PizzasController#show as */*
  Parameters: {"id"=>"3", "pizza"=>{}}
  [1m[36mPizza Load (0.2ms)[0m  [1m[34mSELECT "pizzas".* FROM "pizzas" WHERE "pizzas"."id" = ? LIMIT ?[0m  [["id", 3], ["LIMIT", 1]]
  ↳ app/controllers/pizzas_controller.rb:8:in `show'
[active_model_serializers] Rendered PizzaSerializer with ActiveModelSerializers::Adapter::Attributes (0.4ms)
Completed 200 OK in 2ms (Views: 1.0ms | ActiveRecord: 0.2ms | Allocations: 737)


Started GET "/restaurants/1" for 127.0.0.1 at 2023-06-26 12:29:09 +0300
Processing by RestaurantsController#show as */*
  Parameters: {"id"=>"1", "restaurant"=>{}}
  [1m[36mRestaurant Load (0.3ms)[0m  [1m[34mSELECT "restaurants".* FROM "restaurants" WHERE "restaurants"."id" = ? LIMIT ?[0m  [["id", 1], ["LIMIT", 1]]
  ↳ app/controllers/restaurants_controller.rb:8:in `show'
[active_model_serializers]   [1m[36mPizza Load (0.2ms)[0m  [1m[34mSELECT "pizzas".* FROM "pizzas" INNER JOIN "restaurant_pizzas" ON "pizzas"."id" = "restaurant_pizzas"."pizza_id" WHERE "restaurant_pizzas"."restaurant_id" = ?[0m  [["restaurant_id", 1]]
[active_model_serializers]   ↳ app/controllers/restaurants_controller.rb:10:in `show'
[active_model_serializers] Rendered RestaurantSerializer with ActiveModelSerializers::Adapter::Attributes (14.92ms)
Completed 200 OK in 24ms (Views: 15.9ms | ActiveRecord: 1.7ms | Allocations: 10256)


Started GET "/restaurants/1" for 127.0.0.1 at 2023-06-26 12:34:47 +0300
Processing by RestaurantsController#show as */*
  Parameters: {"id"=>"1", "restaurant"=>{}}
  [1m[36mRestaurant Load (0.1ms)[0m  [1m[34mSELECT "restaurants".* FROM "restaurants" WHERE "restaurants"."id" = ? LIMIT ?[0m  [["id", 1], ["LIMIT", 1]]
  ↳ app/controllers/restaurants_controller.rb:29:in `set_restaurant'
[active_model_serializers]   [1m[36mPizza Load (0.3ms)[0m  [1m[34mSELECT "pizzas".* FROM "pizzas" INNER JOIN "restaurant_pizzas" ON "pizzas"."id" = "restaurant_pizzas"."pizza_id" WHERE "restaurant_pizzas"."restaurant_id" = ?[0m  [["restaurant_id", 1]]
[active_model_serializers]   ↳ app/controllers/restaurants_controller.rb:11:in `show'
[active_model_serializers] Rendered RestaurantSerializer with ActiveModelSerializers::Adapter::Attributes (21.87ms)
Completed 200 OK in 29ms (Views: 22.1ms | ActiveRecord: 0.7ms | Allocations: 11884)


Started GET "/restaurants" for 127.0.0.1 at 2023-06-26 12:34:53 +0300
Processing by RestaurantsController#index as */*
  Parameters: {"restaurant"=>{}}
  [1m[36mRestaurant Load (0.3ms)[0m  [1m[34mSELECT "restaurants".* FROM "restaurants"[0m
  ↳ app/controllers/restaurants_controller.rb:6:in `index'
[active_model_serializers]   [1m[36mPizza Load (0.2ms)[0m  [1m[34mSELECT "pizzas".* FROM "pizzas" INNER JOIN "restaurant_pizzas" ON "pizzas"."id" = "restaurant_pizzas"."pizza_id" WHERE "restaurant_pizzas"."restaurant_id" = ?[0m  [["restaurant_id", 1]]
[active_model_serializers]   ↳ app/controllers/restaurants_controller.rb:6:in `index'
[active_model_serializers]   [1m[36mPizza Load (0.1ms)[0m  [1m[34mSELECT "pizzas".* FROM "pizzas" INNER JOIN "restaurant_pizzas" ON "pizzas"."id" = "restaurant_pizzas"."pizza_id" WHERE "restaurant_pizzas"."restaurant_id" = ?[0m  [["restaurant_id", 2]]
[active_model_serializers]   ↳ app/controllers/restaurants_controller.rb:6:in `index'
[active_model_serializers]   [1m[36mPizza Load (0.2ms)[0m  [1m[34mSELECT "pizzas".* FROM "pizzas" INNER JOIN "restaurant_pizzas" ON "pizzas"."id" = "restaurant_pizzas"."pizza_id" WHERE "restaurant_pizzas"."restaurant_id" = ?[0m  [["restaurant_id", 3]]
[active_model_serializers]   ↳ app/controllers/restaurants_controller.rb:6:in `index'
[active_model_serializers]   [1m[36mPizza Load (0.2ms)[0m  [1m[34mSELECT "pizzas".* FROM "pizzas" INNER JOIN "restaurant_pizzas" ON "pizzas"."id" = "restaurant_pizzas"."pizza_id" WHERE "restaurant_pizzas"."restaurant_id" = ?[0m  [["restaurant_id", 4]]
[active_model_serializers]   ↳ app/controllers/restaurants_controller.rb:6:in `index'
[active_model_serializers]   [1m[36mPizza Load (0.2ms)[0m  [1m[34mSELECT "pizzas".* FROM "pizzas" INNER JOIN "restaurant_pizzas" ON "pizzas"."id" = "restaurant_pizzas"."pizza_id" WHERE "restaurant_pizzas"."restaurant_id" = ?[0m  [["restaurant_id", 5]]
[active_model_serializers]   ↳ app/controllers/restaurants_controller.rb:6:in `index'
[active_model_serializers]   [1m[36mPizza Load (0.2ms)[0m  [1m[34mSELECT "pizzas".* FROM "pizzas" INNER JOIN "restaurant_pizzas" ON "pizzas"."id" = "restaurant_pizzas"."pizza_id" WHERE "restaurant_pizzas"."restaurant_id" = ?[0m  [["restaurant_id", 6]]
[active_model_serializers]   ↳ app/controllers/restaurants_controller.rb:6:in `index'
[active_model_serializers]   [1m[36mPizza Load (0.2ms)[0m  [1m[34mSELECT "pizzas".* FROM "pizzas" INNER JOIN "restaurant_pizzas" ON "pizzas"."id" = "restaurant_pizzas"."pizza_id" WHERE "restaurant_pizzas"."restaurant_id" = ?[0m  [["restaurant_id", 7]]
[active_model_serializers]   ↳ app/controllers/restaurants_controller.rb:6:in `index'
[active_model_serializers]   [1m[36mPizza Load (0.2ms)[0m  [1m[34mSELECT "pizzas".* FROM "pizzas" INNER JOIN "restaurant_pizzas" ON "pizzas"."id" = "restaurant_pizzas"."pizza_id" WHERE "restaurant_pizzas"."restaurant_id" = ?[0m  [["restaurant_id", 8]]
[active_model_serializers]   ↳ app/controllers/restaurants_controller.rb:6:in `index'
[active_model_serializers]   [1m[36mPizza Load (0.1ms)[0m  [1m[34mSELECT "pizzas".* FROM "pizzas" INNER JOIN "restaurant_pizzas" ON "pizzas"."id" = "restaurant_pizzas"."pizza_id" WHERE "restaurant_pizzas"."restaurant_id" = ?[0m  [["restaurant_id", 9]]
[active_model_serializers]   ↳ app/controllers/restaurants_controller.rb:6:in `index'
[active_model_serializers] Rendered ActiveModel::Serializer::CollectionSerializer with ActiveModelSerializers::Adapter::Attributes (57.21ms)
Completed 200 OK in 62ms (Views: 59.5ms | ActiveRecord: 1.8ms | Allocations: 15417)


Started GET "/pizzas/1" for 127.0.0.1 at 2023-06-26 12:35:21 +0300
  
AbstractController::ActionNotFound (The action 'show' could not be found for PizzasController):
  
actionpack (7.0.5) lib/abstract_controller/base.rb:146:in `process'
actionview (7.0.5) lib/action_view/rendering.rb:39:in `process'
actionpack (7.0.5) lib/action_controller/metal.rb:188:in `dispatch'
actionpack (7.0.5) lib/action_controller/metal.rb:251:in `dispatch'
actionpack (7.0.5) lib/action_dispatch/routing/route_set.rb:49:in `dispatch'
actionpack (7.0.5) lib/action_dispatch/routing/route_set.rb:32:in `serve'
actionpack (7.0.5) lib/action_dispatch/journey/router.rb:50:in `block in serve'
actionpack (7.0.5) lib/action_dispatch/journey/router.rb:32:in `each'
actionpack (7.0.5) lib/action_dispatch/journey/router.rb:32:in `serve'
actionpack (7.0.5) lib/action_dispatch/routing/route_set.rb:852:in `call'
rack (2.2.7) lib/rack/tempfile_reaper.rb:15:in `call'
rack (2.2.7) lib/rack/etag.rb:27:in `call'
rack (2.2.7) lib/rack/conditional_get.rb:27:in `call'
rack (2.2.7) lib/rack/head.rb:12:in `call'
actionpack (7.0.5) lib/action_dispatch/http/permissions_policy.rb:38:in `call'
actionpack (7.0.5) lib/action_dispatch/http/content_security_policy.rb:36:in `call'
rack (2.2.7) lib/rack/session/abstract/id.rb:266:in `context'
rack (2.2.7) lib/rack/session/abstract/id.rb:260:in `call'
actionpack (7.0.5) lib/action_dispatch/middleware/cookies.rb:704:in `call'
activerecord (7.0.5) lib/active_record/migration.rb:603:in `call'
actionpack (7.0.5) lib/action_dispatch/middleware/callbacks.rb:27:in `block in call'
activesupport (7.0.5) lib/active_support/callbacks.rb:99:in `run_callbacks'
actionpack (7.0.5) lib/action_dispatch/middleware/callbacks.rb:26:in `call'
actionpack (7.0.5) lib/action_dispatch/middleware/executor.rb:14:in `call'
actionpack (7.0.5) lib/action_dispatch/middleware/actionable_exceptions.rb:17:in `call'
actionpack (7.0.5) lib/action_dispatch/middleware/debug_exceptions.rb:28:in `call'
web-console (4.2.0) lib/web_console/middleware.rb:132:in `call_app'
web-console (4.2.0) lib/web_console/middleware.rb:28:in `block in call'
web-console (4.2.0) lib/web_console/middleware.rb:17:in `catch'
web-console (4.2.0) lib/web_console/middleware.rb:17:in `call'
actionpack (7.0.5) lib/action_dispatch/middleware/show_exceptions.rb:26:in `call'
railties (7.0.5) lib/rails/rack/logger.rb:40:in `call_app'
railties (7.0.5) lib/rails/rack/logger.rb:25:in `block in call'
activesupport (7.0.5) lib/active_support/tagged_logging.rb:99:in `block in tagged'
activesupport (7.0.5) lib/active_support/tagged_logging.rb:37:in `tagged'
activesupport (7.0.5) lib/active_support/tagged_logging.rb:99:in `tagged'
railties (7.0.5) lib/rails/rack/logger.rb:25:in `call'
sprockets-rails (3.4.2) lib/sprockets/rails/quiet_assets.rb:13:in `call'
actionpack (7.0.5) lib/action_dispatch/middleware/remote_ip.rb:93:in `call'
actionpack (7.0.5) lib/action_dispatch/middleware/request_id.rb:26:in `call'
rack (2.2.7) lib/rack/method_override.rb:24:in `call'
rack (2.2.7) lib/rack/runtime.rb:22:in `call'
activesupport (7.0.5) lib/active_support/cache/strategy/local_cache_middleware.rb:29:in `call'
actionpack (7.0.5) lib/action_dispatch/middleware/server_timing.rb:61:in `block in call'
actionpack (7.0.5) lib/action_dispatch/middleware/server_timing.rb:26:in `collect_events'
actionpack (7.0.5) lib/action_dispatch/middleware/server_timing.rb:60:in `call'
actionpack (7.0.5) lib/action_dispatch/middleware/executor.rb:14:in `call'
actionpack (7.0.5) lib/action_dispatch/middleware/static.rb:23:in `call'
rack (2.2.7) lib/rack/sendfile.rb:110:in `call'
actionpack (7.0.5) lib/action_dispatch/middleware/host_authorization.rb:137:in `call'
railties (7.0.5) lib/rails/engine.rb:530:in `call'
puma (5.6.6) lib/puma/configuration.rb:252:in `call'
puma (5.6.6) lib/puma/request.rb:77:in `block in handle_request'
puma (5.6.6) lib/puma/thread_pool.rb:340:in `with_force_shutdown'
puma (5.6.6) lib/puma/request.rb:76:in `handle_request'
puma (5.6.6) lib/puma/server.rb:443:in `process_client'
puma (5.6.6) lib/puma/thread_pool.rb:147:in `block in spawn_thread'
Started GET "/pizzas" for 127.0.0.1 at 2023-06-26 12:35:25 +0300
Processing by PizzasController#index as */*
  Parameters: {"pizza"=>{}}
  [1m[36mPizza Load (0.3ms)[0m  [1m[34mSELECT "pizzas".* FROM "pizzas"[0m
  ↳ app/controllers/pizzas_controller.rb:4:in `index'
[active_model_serializers] Rendered ActiveModel::Serializer::CollectionSerializer with ActiveModelSerializers::Adapter::Attributes (2.66ms)
Completed 200 OK in 7ms (Views: 6.0ms | ActiveRecord: 0.3ms | Allocations: 2150)


Started GET "/restaurants" for 127.0.0.1 at 2023-06-26 12:36:20 +0300
Processing by RestaurantsController#index as */*
  Parameters: {"restaurant"=>{}}
  [1m[36mRestaurant Load (0.1ms)[0m  [1m[34mSELECT "restaurants".* FROM "restaurants"[0m
  ↳ app/controllers/restaurants_controller.rb:6:in `index'
[active_model_serializers]   [1m[36mPizza Load (0.2ms)[0m  [1m[34mSELECT "pizzas".* FROM "pizzas" INNER JOIN "restaurant_pizzas" ON "pizzas"."id" = "restaurant_pizzas"."pizza_id" WHERE "restaurant_pizzas"."restaurant_id" = ?[0m  [["restaurant_id", 1]]
[active_model_serializers]   ↳ app/controllers/restaurants_controller.rb:6:in `index'
[active_model_serializers]   [1m[36mPizza Load (0.2ms)[0m  [1m[34mSELECT "pizzas".* FROM "pizzas" INNER JOIN "restaurant_pizzas" ON "pizzas"."id" = "restaurant_pizzas"."pizza_id" WHERE "restaurant_pizzas"."restaurant_id" = ?[0m  [["restaurant_id", 2]]
[active_model_serializers]   ↳ app/controllers/restaurants_controller.rb:6:in `index'
[active_model_serializers]   [1m[36mPizza Load (0.2ms)[0m  [1m[34mSELECT "pizzas".* FROM "pizzas" INNER JOIN "restaurant_pizzas" ON "pizzas"."id" = "restaurant_pizzas"."pizza_id" WHERE "restaurant_pizzas"."restaurant_id" = ?[0m  [["restaurant_id", 3]]
[active_model_serializers]   ↳ app/controllers/restaurants_controller.rb:6:in `index'
[active_model_serializers]   [1m[36mPizza Load (0.2ms)[0m  [1m[34mSELECT "pizzas".* FROM "pizzas" INNER JOIN "restaurant_pizzas" ON "pizzas"."id" = "restaurant_pizzas"."pizza_id" WHERE "restaurant_pizzas"."restaurant_id" = ?[0m  [["restaurant_id", 4]]
[active_model_serializers]   ↳ app/controllers/restaurants_controller.rb:6:in `index'
[active_model_serializers]   [1m[36mPizza Load (0.2ms)[0m  [1m[34mSELECT "pizzas".* FROM "pizzas" INNER JOIN "restaurant_pizzas" ON "pizzas"."id" = "restaurant_pizzas"."pizza_id" WHERE "restaurant_pizzas"."restaurant_id" = ?[0m  [["restaurant_id", 5]]
[active_model_serializers]   ↳ app/controllers/restaurants_controller.rb:6:in `index'
[active_model_serializers]   [1m[36mPizza Load (0.2ms)[0m  [1m[34mSELECT "pizzas".* FROM "pizzas" INNER JOIN "restaurant_pizzas" ON "pizzas"."id" = "restaurant_pizzas"."pizza_id" WHERE "restaurant_pizzas"."restaurant_id" = ?[0m  [["restaurant_id", 6]]
[active_model_serializers]   ↳ app/controllers/restaurants_controller.rb:6:in `index'
[active_model_serializers]   [1m[36mPizza Load (0.2ms)[0m  [1m[34mSELECT "pizzas".* FROM "pizzas" INNER JOIN "restaurant_pizzas" ON "pizzas"."id" = "restaurant_pizzas"."pizza_id" WHERE "restaurant_pizzas"."restaurant_id" = ?[0m  [["restaurant_id", 7]]
[active_model_serializers]   ↳ app/controllers/restaurants_controller.rb:6:in `index'
[active_model_serializers]   [1m[36mPizza Load (0.2ms)[0m  [1m[34mSELECT "pizzas".* FROM "pizzas" INNER JOIN "restaurant_pizzas" ON "pizzas"."id" = "restaurant_pizzas"."pizza_id" WHERE "restaurant_pizzas"."restaurant_id" = ?[0m  [["restaurant_id", 8]]
[active_model_serializers]   ↳ app/controllers/restaurants_controller.rb:6:in `index'
[active_model_serializers]   [1m[36mPizza Load (0.2ms)[0m  [1m[34mSELECT "pizzas".* FROM "pizzas" INNER JOIN "restaurant_pizzas" ON "pizzas"."id" = "restaurant_pizzas"."pizza_id" WHERE "restaurant_pizzas"."restaurant_id" = ?[0m  [["restaurant_id", 9]]
[active_model_serializers]   ↳ app/controllers/restaurants_controller.rb:6:in `index'
[active_model_serializers] Rendered ActiveModel::Serializer::CollectionSerializer with ActiveModelSerializers::Adapter::Attributes (45.5ms)
Completed 200 OK in 48ms (Views: 46.3ms | ActiveRecord: 1.7ms | Allocations: 15370)


Started GET "/pizzas" for 127.0.0.1 at 2023-06-26 12:37:23 +0300
Processing by PizzasController#index as */*
  Parameters: {"pizza"=>{}}
  [1m[36mPizza Load (0.2ms)[0m  [1m[34mSELECT "pizzas".* FROM "pizzas"[0m
  ↳ app/controllers/pizzas_controller.rb:4:in `index'
[active_model_serializers] Rendered ActiveModel::Serializer::CollectionSerializer with ActiveModelSerializers::Adapter::Attributes (2.52ms)
Completed 200 OK in 6ms (Views: 5.3ms | ActiveRecord: 0.2ms | Allocations: 1859)


Started GET "/restaurants" for 127.0.0.1 at 2023-06-26 12:37:31 +0300
Processing by RestaurantsController#index as */*
  Parameters: {"restaurant"=>{}}
  [1m[36mRestaurant Load (0.1ms)[0m  [1m[34mSELECT "restaurants".* FROM "restaurants"[0m
  ↳ app/controllers/restaurants_controller.rb:6:in `index'
[active_model_serializers]   [1m[36mPizza Load (0.2ms)[0m  [1m[34mSELECT "pizzas".* FROM "pizzas" INNER JOIN "restaurant_pizzas" ON "pizzas"."id" = "restaurant_pizzas"."pizza_id" WHERE "restaurant_pizzas"."restaurant_id" = ?[0m  [["restaurant_id", 1]]
[active_model_serializers]   ↳ app/controllers/restaurants_controller.rb:6:in `index'
[active_model_serializers]   [1m[36mPizza Load (0.2ms)[0m  [1m[34mSELECT "pizzas".* FROM "pizzas" INNER JOIN "restaurant_pizzas" ON "pizzas"."id" = "restaurant_pizzas"."pizza_id" WHERE "restaurant_pizzas"."restaurant_id" = ?[0m  [["restaurant_id", 2]]
[active_model_serializers]   ↳ app/controllers/restaurants_controller.rb:6:in `index'
[active_model_serializers]   [1m[36mPizza Load (0.2ms)[0m  [1m[34mSELECT "pizzas".* FROM "pizzas" INNER JOIN "restaurant_pizzas" ON "pizzas"."id" = "restaurant_pizzas"."pizza_id" WHERE "restaurant_pizzas"."restaurant_id" = ?[0m  [["restaurant_id", 3]]
[active_model_serializers]   ↳ app/controllers/restaurants_controller.rb:6:in `index'
[active_model_serializers]   [1m[36mPizza Load (0.2ms)[0m  [1m[34mSELECT "pizzas".* FROM "pizzas" INNER JOIN "restaurant_pizzas" ON "pizzas"."id" = "restaurant_pizzas"."pizza_id" WHERE "restaurant_pizzas"."restaurant_id" = ?[0m  [["restaurant_id", 4]]
[active_model_serializers]   ↳ app/controllers/restaurants_controller.rb:6:in `index'
[active_model_serializers]   [1m[36mPizza Load (0.2ms)[0m  [1m[34mSELECT "pizzas".* FROM "pizzas" INNER JOIN "restaurant_pizzas" ON "pizzas"."id" = "restaurant_pizzas"."pizza_id" WHERE "restaurant_pizzas"."restaurant_id" = ?[0m  [["restaurant_id", 5]]
[active_model_serializers]   ↳ app/controllers/restaurants_controller.rb:6:in `index'
[active_model_serializers]   [1m[36mPizza Load (0.2ms)[0m  [1m[34mSELECT "pizzas".* FROM "pizzas" INNER JOIN "restaurant_pizzas" ON "pizzas"."id" = "restaurant_pizzas"."pizza_id" WHERE "restaurant_pizzas"."restaurant_id" = ?[0m  [["restaurant_id", 6]]
[active_model_serializers]   ↳ app/controllers/restaurants_controller.rb:6:in `index'
[active_model_serializers]   [1m[36mPizza Load (0.6ms)[0m  [1m[34mSELECT "pizzas".* FROM "pizzas" INNER JOIN "restaurant_pizzas" ON "pizzas"."id" = "restaurant_pizzas"."pizza_id" WHERE "restaurant_pizzas"."restaurant_id" = ?[0m  [["restaurant_id", 7]]
[active_model_serializers]   ↳ app/controllers/restaurants_controller.rb:6:in `index'
[active_model_serializers]   [1m[36mPizza Load (0.2ms)[0m  [1m[34mSELECT "pizzas".* FROM "pizzas" INNER JOIN "restaurant_pizzas" ON "pizzas"."id" = "restaurant_pizzas"."pizza_id" WHERE "restaurant_pizzas"."restaurant_id" = ?[0m  [["restaurant_id", 8]]
[active_model_serializers]   ↳ app/controllers/restaurants_controller.rb:6:in `index'
[active_model_serializers]   [1m[36mPizza Load (0.2ms)[0m  [1m[34mSELECT "pizzas".* FROM "pizzas" INNER JOIN "restaurant_pizzas" ON "pizzas"."id" = "restaurant_pizzas"."pizza_id" WHERE "restaurant_pizzas"."restaurant_id" = ?[0m  [["restaurant_id", 9]]
[active_model_serializers]   ↳ app/controllers/restaurants_controller.rb:6:in `index'
[active_model_serializers] Rendered ActiveModel::Serializer::CollectionSerializer with ActiveModelSerializers::Adapter::Attributes (45.72ms)
Completed 200 OK in 49ms (Views: 46.4ms | ActiveRecord: 2.3ms | Allocations: 15305)


Started GET "/restaurants/1" for 127.0.0.1 at 2023-06-26 12:37:34 +0300
Processing by RestaurantsController#show as */*
  Parameters: {"id"=>"1", "restaurant"=>{}}
  [1m[36mRestaurant Load (0.1ms)[0m  [1m[34mSELECT "restaurants".* FROM "restaurants" WHERE "restaurants"."id" = ? LIMIT ?[0m  [["id", 1], ["LIMIT", 1]]
  ↳ app/controllers/restaurants_controller.rb:29:in `set_restaurant'
[active_model_serializers]   [1m[36mPizza Load (0.1ms)[0m  [1m[34mSELECT "pizzas".* FROM "pizzas" INNER JOIN "restaurant_pizzas" ON "pizzas"."id" = "restaurant_pizzas"."pizza_id" WHERE "restaurant_pizzas"."restaurant_id" = ?[0m  [["restaurant_id", 1]]
[active_model_serializers]   ↳ app/controllers/restaurants_controller.rb:11:in `show'
[active_model_serializers] Rendered RestaurantSerializer with ActiveModelSerializers::Adapter::Attributes (3.98ms)
Completed 200 OK in 6ms (Views: 4.4ms | ActiveRecord: 0.2ms | Allocations: 2179)


